nohup: ignoring input
args ==> Namespace(data_path='/home/DATASET/CIFAR-10', dataset='cifar10', image_size=32, disable_normalize=False, full_dataset=True, window_size=32, eval_batch_size=512, num_workers=4, arch='resnet18', method='simclr', batch_size=512, epochs=1000, start_epoch=0, remove='none', poisoning=True, update_model=False, contrastive=False, knn_eval_freq=1, distill_freq=5, saved_path='none', mode='frequency', temp=0.2, lr=0.06, wd=0.0005, cos=True, byol_m=0.996, poisonkey=7777, target_class=0, poison_ratio=0.01, pin_memory=False, select=False, reverse=False, trigger_position=[15, 31], magnitude=50, trigger_size=5, channel=[1, 2], threat_model='our', loss_alpha=2.0, strength=1.0, log_path='Experiments', poison_knn_eval_freq=5, poison_knn_eval_freq_iter=1, debug=False, trial='test', distributed=False, gpu=6, seed=None, diff_aug=True)
./Experiments/cifar10-simclr-resnet18-0.01-50-512-0.06-False-our-test
Use GPU: 6 for training
=> creating cnn model 'resnet18'
CIFAR-variant Resnet is loaded
Files already downloaded and verified
Files already downloaded and verified
Initializing Poison data (chosen images, examples, sources, labels) with random seed 7777
/home/CTRL/methods/base.py:445: UserWarning: To copy construct from a tensor, it is recommended to use sourceTensor.clone().detach() or sourceTensor.clone().detach().requires_grad_(True), rather than torch.tensor(sourceTensor).
  feature_labels =  torch.tensor(memory_data_loader.dataset[:][1], device=feature_bank.device)
[1-epoch] time:157.129 | knn acc: 33.152 | back acc: 9.620 | loss:19.592 | cl_loss:19.592
1-th epoch saved
[2-epoch] time:172.449 | knn acc: 33.152 | back acc: 9.620 | loss:15.503 | cl_loss:15.503
[3-epoch] time:164.546 | knn acc: 33.152 | back acc: 9.620 | loss:13.138 | cl_loss:13.138
[4-epoch] time:155.494 | knn acc: 33.152 | back acc: 9.620 | loss:12.228 | cl_loss:12.228
[5-epoch] time:164.389 | knn acc: 33.152 | back acc: 9.620 | loss:11.591 | cl_loss:11.591
[6-epoch] time:150.213 | knn acc: 57.442 | back acc: 8.100 | loss:11.231 | cl_loss:11.231
[7-epoch] time:161.584 | knn acc: 57.442 | back acc: 8.100 | loss:11.009 | cl_loss:11.009
[8-epoch] time:138.310 | knn acc: 57.442 | back acc: 8.100 | loss:10.764 | cl_loss:10.764
[9-epoch] time:162.051 | knn acc: 57.442 | back acc: 8.100 | loss:10.594 | cl_loss:10.594
[10-epoch] time:164.269 | knn acc: 57.442 | back acc: 8.100 | loss:10.489 | cl_loss:10.489
/home/hlu/miniconda3/envs/hlu_spb/lib/python3.9/site-packages/torch/optim/lr_scheduler.py:814: UserWarning: To get the last learning rate computed by the scheduler, please use `get_last_lr()`.
  warnings.warn("To get the last learning rate computed by the scheduler, "
[11-epoch] time:158.406 | knn acc: 62.901 | back acc: 6.950 | loss:10.351 | cl_loss:10.351
[12-epoch] time:156.278 | knn acc: 62.901 | back acc: 6.950 | loss:10.248 | cl_loss:10.248
[13-epoch] time:145.640 | knn acc: 62.901 | back acc: 6.950 | loss:10.117 | cl_loss:10.117
[14-epoch] time:161.453 | knn acc: 62.901 | back acc: 6.950 | loss:10.024 | cl_loss:10.024
[15-epoch] time:165.202 | knn acc: 62.901 | back acc: 6.950 | loss:9.952 | cl_loss:9.952
[16-epoch] time:145.513 | knn acc: 67.331 | back acc: 8.070 | loss:9.913 | cl_loss:9.913
[17-epoch] time:156.895 | knn acc: 67.331 | back acc: 8.070 | loss:9.805 | cl_loss:9.805
[18-epoch] time:142.650 | knn acc: 67.331 | back acc: 8.070 | loss:9.765 | cl_loss:9.765
[19-epoch] time:159.541 | knn acc: 67.331 | back acc: 8.070 | loss:9.741 | cl_loss:9.741
[20-epoch] time:156.245 | knn acc: 67.331 | back acc: 8.070 | loss:9.689 | cl_loss:9.689
[21-epoch] time:156.665 | knn acc: 69.213 | back acc: 9.030 | loss:9.657 | cl_loss:9.657
[22-epoch] time:154.095 | knn acc: 69.213 | back acc: 9.030 | loss:9.570 | cl_loss:9.570
[23-epoch] time:144.728 | knn acc: 69.213 | back acc: 9.030 | loss:9.551 | cl_loss:9.551
[24-epoch] time:161.425 | knn acc: 69.213 | back acc: 9.030 | loss:9.522 | cl_loss:9.522
[25-epoch] time:139.799 | knn acc: 69.213 | back acc: 9.030 | loss:9.498 | cl_loss:9.498
[26-epoch] time:160.718 | knn acc: 70.117 | back acc: 9.960 | loss:9.465 | cl_loss:9.465
[27-epoch] time:151.822 | knn acc: 70.117 | back acc: 9.960 | loss:9.456 | cl_loss:9.456
[28-epoch] time:133.986 | knn acc: 70.117 | back acc: 9.960 | loss:9.409 | cl_loss:9.409
[29-epoch] time:147.819 | knn acc: 70.117 | back acc: 9.960 | loss:9.370 | cl_loss:9.370
[30-epoch] time:148.791 | knn acc: 70.117 | back acc: 9.960 | loss:9.342 | cl_loss:9.342
[31-epoch] time:144.198 | knn acc: 71.186 | back acc: 10.680 | loss:9.347 | cl_loss:9.347
[32-epoch] time:152.040 | knn acc: 71.186 | back acc: 10.680 | loss:9.302 | cl_loss:9.302
[33-epoch] time:132.095 | knn acc: 71.186 | back acc: 10.680 | loss:9.288 | cl_loss:9.288
[34-epoch] time:152.869 | knn acc: 71.186 | back acc: 10.680 | loss:9.269 | cl_loss:9.269
[35-epoch] time:150.806 | knn acc: 71.186 | back acc: 10.680 | loss:9.250 | cl_loss:9.250
[36-epoch] time:134.465 | knn acc: 71.433 | back acc: 12.800 | loss:9.223 | cl_loss:9.223
[37-epoch] time:140.782 | knn acc: 71.433 | back acc: 12.800 | loss:9.228 | cl_loss:9.228
[38-epoch] time:137.065 | knn acc: 71.433 | back acc: 12.800 | loss:9.221 | cl_loss:9.221
[39-epoch] time:146.433 | knn acc: 71.433 | back acc: 12.800 | loss:9.183 | cl_loss:9.183
[40-epoch] time:152.734 | knn acc: 71.433 | back acc: 12.800 | loss:9.176 | cl_loss:9.176
[41-epoch] time:138.775 | knn acc: 70.960 | back acc: 16.090 | loss:9.148 | cl_loss:9.148
[42-epoch] time:148.319 | knn acc: 70.960 | back acc: 16.090 | loss:9.126 | cl_loss:9.126
[43-epoch] time:150.317 | knn acc: 70.960 | back acc: 16.090 | loss:9.137 | cl_loss:9.137
[44-epoch] time:128.281 | knn acc: 70.960 | back acc: 16.090 | loss:9.110 | cl_loss:9.110
[45-epoch] time:145.153 | knn acc: 70.960 | back acc: 16.090 | loss:9.093 | cl_loss:9.093
[46-epoch] time:135.615 | knn acc: 71.556 | back acc: 14.670 | loss:9.055 | cl_loss:9.055
[47-epoch] time:148.007 | knn acc: 71.556 | back acc: 14.670 | loss:9.069 | cl_loss:9.069
[48-epoch] time:154.110 | knn acc: 71.556 | back acc: 14.670 | loss:9.070 | cl_loss:9.070
[49-epoch] time:135.169 | knn acc: 71.556 | back acc: 14.670 | loss:9.057 | cl_loss:9.057
[50-epoch] time:155.162 | knn acc: 71.556 | back acc: 14.670 | loss:9.026 | cl_loss:9.026
[51-epoch] time:152.061 | knn acc: 72.708 | back acc: 13.350 | loss:9.051 | cl_loss:9.051
[52-epoch] time:157.985 | knn acc: 72.708 | back acc: 13.350 | loss:9.011 | cl_loss:9.011
[53-epoch] time:157.062 | knn acc: 72.708 | back acc: 13.350 | loss:9.026 | cl_loss:9.026
[54-epoch] time:140.473 | knn acc: 72.708 | back acc: 13.350 | loss:9.024 | cl_loss:9.024
[55-epoch] time:161.400 | knn acc: 72.708 | back acc: 13.350 | loss:8.997 | cl_loss:8.997
[56-epoch] time:150.093 | knn acc: 73.181 | back acc: 22.240 | loss:8.995 | cl_loss:8.995
[57-epoch] time:159.338 | knn acc: 73.181 | back acc: 22.240 | loss:9.010 | cl_loss:9.010
[58-epoch] time:154.149 | knn acc: 73.181 | back acc: 22.240 | loss:8.962 | cl_loss:8.962
[59-epoch] time:146.888 | knn acc: 73.181 | back acc: 22.240 | loss:8.975 | cl_loss:8.975
[60-epoch] time:150.963 | knn acc: 73.181 | back acc: 22.240 | loss:8.954 | cl_loss:8.954
[61-epoch] time:147.820 | knn acc: 74.332 | back acc: 41.360 | loss:8.949 | cl_loss:8.949
[62-epoch] time:151.164 | knn acc: 74.332 | back acc: 41.360 | loss:8.910 | cl_loss:8.910
[63-epoch] time:147.580 | knn acc: 74.332 | back acc: 41.360 | loss:8.951 | cl_loss:8.951
[64-epoch] time:135.161 | knn acc: 74.332 | back acc: 41.360 | loss:8.916 | cl_loss:8.916
[65-epoch] time:149.675 | knn acc: 74.332 | back acc: 41.360 | loss:8.931 | cl_loss:8.931
[66-epoch] time:147.966 | knn acc: 73.633 | back acc: 39.470 | loss:8.900 | cl_loss:8.900
[67-epoch] time:152.953 | knn acc: 73.633 | back acc: 39.470 | loss:8.907 | cl_loss:8.907
[68-epoch] time:162.566 | knn acc: 73.633 | back acc: 39.470 | loss:8.919 | cl_loss:8.919
[69-epoch] time:106.725 | knn acc: 73.633 | back acc: 39.470 | loss:8.893 | cl_loss:8.893
[70-epoch] time:152.192 | knn acc: 73.633 | back acc: 39.470 | loss:8.927 | cl_loss:8.927
[71-epoch] time:164.173 | knn acc: 73.890 | back acc: 36.280 | loss:8.875 | cl_loss:8.875
[72-epoch] time:128.814 | knn acc: 73.890 | back acc: 36.280 | loss:8.878 | cl_loss:8.878
[73-epoch] time:154.689 | knn acc: 73.890 | back acc: 36.280 | loss:8.885 | cl_loss:8.885
[74-epoch] time:139.794 | knn acc: 73.890 | back acc: 36.280 | loss:8.838 | cl_loss:8.838
[75-epoch] time:153.804 | knn acc: 73.890 | back acc: 36.280 | loss:8.860 | cl_loss:8.860
[76-epoch] time:167.375 | knn acc: 74.938 | back acc: 54.250 | loss:8.871 | cl_loss:8.871
[77-epoch] time:134.057 | knn acc: 74.938 | back acc: 54.250 | loss:8.864 | cl_loss:8.864
[78-epoch] time:148.596 | knn acc: 74.938 | back acc: 54.250 | loss:8.833 | cl_loss:8.833
[79-epoch] time:129.592 | knn acc: 74.938 | back acc: 54.250 | loss:8.845 | cl_loss:8.845
[80-epoch] time:148.069 | knn acc: 74.938 | back acc: 54.250 | loss:8.815 | cl_loss:8.815
[81-epoch] time:158.060 | knn acc: 74.260 | back acc: 53.410 | loss:8.829 | cl_loss:8.829
[82-epoch] time:134.024 | knn acc: 74.260 | back acc: 53.410 | loss:8.826 | cl_loss:8.826
[83-epoch] time:148.378 | knn acc: 74.260 | back acc: 53.410 | loss:8.815 | cl_loss:8.815
[84-epoch] time:149.084 | knn acc: 74.260 | back acc: 53.410 | loss:8.806 | cl_loss:8.806
[85-epoch] time:139.856 | knn acc: 74.260 | back acc: 53.410 | loss:8.814 | cl_loss:8.814
[86-epoch] time:158.403 | knn acc: 73.037 | back acc: 56.080 | loss:8.789 | cl_loss:8.789
[87-epoch] time:136.058 | knn acc: 73.037 | back acc: 56.080 | loss:8.790 | cl_loss:8.790
[88-epoch] time:148.940 | knn acc: 73.037 | back acc: 56.080 | loss:8.795 | cl_loss:8.795
[89-epoch] time:154.356 | knn acc: 73.037 | back acc: 56.080 | loss:8.809 | cl_loss:8.809
[90-epoch] time:131.745 | knn acc: 73.037 | back acc: 56.080 | loss:8.795 | cl_loss:8.795
[91-epoch] time:171.014 | knn acc: 74.979 | back acc: 63.450 | loss:8.781 | cl_loss:8.781
[92-epoch] time:142.756 | knn acc: 74.979 | back acc: 63.450 | loss:8.776 | cl_loss:8.776
[93-epoch] time:162.965 | knn acc: 74.979 | back acc: 63.450 | loss:8.758 | cl_loss:8.758
[94-epoch] time:148.923 | knn acc: 74.979 | back acc: 63.450 | loss:8.762 | cl_loss:8.762
[95-epoch] time:144.043 | knn acc: 74.979 | back acc: 63.450 | loss:8.754 | cl_loss:8.754
[96-epoch] time:162.381 | knn acc: 74.116 | back acc: 89.250 | loss:8.767 | cl_loss:8.767
[97-epoch] time:144.374 | knn acc: 74.116 | back acc: 89.250 | loss:8.793 | cl_loss:8.793
[98-epoch] time:161.423 | knn acc: 74.116 | back acc: 89.250 | loss:8.742 | cl_loss:8.742
[99-epoch] time:143.649 | knn acc: 74.116 | back acc: 89.250 | loss:8.725 | cl_loss:8.725
[100-epoch] time:161.332 | knn acc: 74.116 | back acc: 89.250 | loss:8.749 | cl_loss:8.749
[101-epoch] time:164.016 | knn acc: 74.527 | back acc: 92.190 | loss:8.742 | cl_loss:8.742
101-th epoch saved
[102-epoch] time:143.373 | knn acc: 74.527 | back acc: 92.190 | loss:8.703 | cl_loss:8.703
[103-epoch] time:155.993 | knn acc: 74.527 | back acc: 92.190 | loss:8.734 | cl_loss:8.734
[104-epoch] time:142.082 | knn acc: 74.527 | back acc: 92.190 | loss:8.718 | cl_loss:8.718
[105-epoch] time:166.444 | knn acc: 74.527 | back acc: 92.190 | loss:8.724 | cl_loss:8.724
[106-epoch] time:164.140 | knn acc: 75.350 | back acc: 80.770 | loss:8.718 | cl_loss:8.718
[107-epoch] time:153.270 | knn acc: 75.350 | back acc: 80.770 | loss:8.742 | cl_loss:8.742
[108-epoch] time:164.929 | knn acc: 75.350 | back acc: 80.770 | loss:8.729 | cl_loss:8.729
[109-epoch] time:138.053 | knn acc: 75.350 | back acc: 80.770 | loss:8.721 | cl_loss:8.721
[110-epoch] time:165.766 | knn acc: 75.350 | back acc: 80.770 | loss:8.732 | cl_loss:8.732
[111-epoch] time:159.798 | knn acc: 74.414 | back acc: 85.660 | loss:8.685 | cl_loss:8.685
[112-epoch] time:167.328 | knn acc: 74.414 | back acc: 85.660 | loss:8.708 | cl_loss:8.708
[113-epoch] time:154.289 | knn acc: 74.414 | back acc: 85.660 | loss:8.690 | cl_loss:8.690
[114-epoch] time:152.337 | knn acc: 74.414 | back acc: 85.660 | loss:8.727 | cl_loss:8.727
[115-epoch] time:163.278 | knn acc: 74.414 | back acc: 85.660 | loss:8.687 | cl_loss:8.687
[116-epoch] time:151.262 | knn acc: 74.681 | back acc: 79.000 | loss:8.698 | cl_loss:8.698
[117-epoch] time:160.588 | knn acc: 74.681 | back acc: 79.000 | loss:8.671 | cl_loss:8.671
[118-epoch] time:144.032 | knn acc: 74.681 | back acc: 79.000 | loss:8.679 | cl_loss:8.679
[119-epoch] time:158.797 | knn acc: 74.681 | back acc: 79.000 | loss:8.689 | cl_loss:8.689
[120-epoch] time:161.023 | knn acc: 74.681 | back acc: 79.000 | loss:8.671 | cl_loss:8.671
[121-epoch] time:155.005 | knn acc: 76.285 | back acc: 75.170 | loss:8.669 | cl_loss:8.669
[122-epoch] time:163.073 | knn acc: 76.285 | back acc: 75.170 | loss:8.684 | cl_loss:8.684
[123-epoch] time:151.543 | knn acc: 76.285 | back acc: 75.170 | loss:8.673 | cl_loss:8.673
[124-epoch] time:157.374 | knn acc: 76.285 | back acc: 75.170 | loss:8.684 | cl_loss:8.684
[125-epoch] time:143.303 | knn acc: 76.285 | back acc: 75.170 | loss:8.662 | cl_loss:8.662
[126-epoch] time:171.946 | knn acc: 74.414 | back acc: 78.570 | loss:8.681 | cl_loss:8.681
[127-epoch] time:159.041 | knn acc: 74.414 | back acc: 78.570 | loss:8.644 | cl_loss:8.644
[128-epoch] time:147.034 | knn acc: 74.414 | back acc: 78.570 | loss:8.640 | cl_loss:8.640
[129-epoch] time:159.854 | knn acc: 74.414 | back acc: 78.570 | loss:8.646 | cl_loss:8.646
[130-epoch] time:134.088 | knn acc: 74.414 | back acc: 78.570 | loss:8.669 | cl_loss:8.669
[131-epoch] time:166.202 | knn acc: 75.720 | back acc: 54.300 | loss:8.668 | cl_loss:8.668
[132-epoch] time:164.941 | knn acc: 75.720 | back acc: 54.300 | loss:8.633 | cl_loss:8.633
[133-epoch] time:136.625 | knn acc: 75.720 | back acc: 54.300 | loss:8.665 | cl_loss:8.665
[134-epoch] time:163.361 | knn acc: 75.720 | back acc: 54.300 | loss:8.608 | cl_loss:8.608
[135-epoch] time:149.539 | knn acc: 75.720 | back acc: 54.300 | loss:8.643 | cl_loss:8.643
[136-epoch] time:167.613 | knn acc: 74.887 | back acc: 91.960 | loss:8.638 | cl_loss:8.638
[137-epoch] time:139.590 | knn acc: 74.887 | back acc: 91.960 | loss:8.636 | cl_loss:8.636
[138-epoch] time:158.095 | knn acc: 74.887 | back acc: 91.960 | loss:8.644 | cl_loss:8.644
[139-epoch] time:159.048 | knn acc: 74.887 | back acc: 91.960 | loss:8.617 | cl_loss:8.617
[140-epoch] time:141.412 | knn acc: 74.887 | back acc: 91.960 | loss:8.639 | cl_loss:8.639
[141-epoch] time:169.336 | knn acc: 72.235 | back acc: 70.920 | loss:8.634 | cl_loss:8.634
[142-epoch] time:146.518 | knn acc: 72.235 | back acc: 70.920 | loss:8.642 | cl_loss:8.642
[143-epoch] time:167.438 | knn acc: 72.235 | back acc: 70.920 | loss:8.618 | cl_loss:8.618
[144-epoch] time:157.568 | knn acc: 72.235 | back acc: 70.920 | loss:8.602 | cl_loss:8.602
[145-epoch] time:152.575 | knn acc: 72.235 | back acc: 70.920 | loss:8.612 | cl_loss:8.612
[146-epoch] time:175.443 | knn acc: 75.452 | back acc: 79.060 | loss:8.651 | cl_loss:8.651
[147-epoch] time:152.876 | knn acc: 75.452 | back acc: 79.060 | loss:8.637 | cl_loss:8.637
[148-epoch] time:162.764 | knn acc: 75.452 | back acc: 79.060 | loss:8.630 | cl_loss:8.630
[149-epoch] time:146.017 | knn acc: 75.452 | back acc: 79.060 | loss:8.612 | cl_loss:8.612
[150-epoch] time:155.027 | knn acc: 75.452 | back acc: 79.060 | loss:8.597 | cl_loss:8.597
[151-epoch] time:171.672 | knn acc: 76.028 | back acc: 75.350 | loss:8.626 | cl_loss:8.626
[152-epoch] time:134.382 | knn acc: 76.028 | back acc: 75.350 | loss:8.597 | cl_loss:8.597
[153-epoch] time:150.227 | knn acc: 76.028 | back acc: 75.350 | loss:8.599 | cl_loss:8.599
[154-epoch] time:123.807 | knn acc: 76.028 | back acc: 75.350 | loss:8.575 | cl_loss:8.575
[155-epoch] time:159.621 | knn acc: 76.028 | back acc: 75.350 | loss:8.604 | cl_loss:8.604
[156-epoch] time:166.686 | knn acc: 75.617 | back acc: 34.000 | loss:8.582 | cl_loss:8.582
[157-epoch] time:135.317 | knn acc: 75.617 | back acc: 34.000 | loss:8.583 | cl_loss:8.583
[158-epoch] time:173.475 | knn acc: 75.617 | back acc: 34.000 | loss:8.607 | cl_loss:8.607
[159-epoch] time:160.751 | knn acc: 75.617 | back acc: 34.000 | loss:8.601 | cl_loss:8.601
[160-epoch] time:168.525 | knn acc: 75.617 | back acc: 34.000 | loss:8.567 | cl_loss:8.567
[161-epoch] time:171.461 | knn acc: 75.894 | back acc: 22.930 | loss:8.587 | cl_loss:8.587
[162-epoch] time:179.871 | knn acc: 75.894 | back acc: 22.930 | loss:8.593 | cl_loss:8.593
[163-epoch] time:172.294 | knn acc: 75.894 | back acc: 22.930 | loss:8.590 | cl_loss:8.590
[164-epoch] time:159.821 | knn acc: 75.894 | back acc: 22.930 | loss:8.594 | cl_loss:8.594
[165-epoch] time:171.744 | knn acc: 75.894 | back acc: 22.930 | loss:8.607 | cl_loss:8.607
[166-epoch] time:150.462 | knn acc: 77.056 | back acc: 89.870 | loss:8.589 | cl_loss:8.589
[167-epoch] time:163.612 | knn acc: 77.056 | back acc: 89.870 | loss:8.587 | cl_loss:8.587
[168-epoch] time:148.417 | knn acc: 77.056 | back acc: 89.870 | loss:8.551 | cl_loss:8.551
[169-epoch] time:160.036 | knn acc: 77.056 | back acc: 89.870 | loss:8.559 | cl_loss:8.559
[170-epoch] time:164.922 | knn acc: 77.056 | back acc: 89.870 | loss:8.543 | cl_loss:8.543
[171-epoch] time:157.278 | knn acc: 75.432 | back acc: 76.790 | loss:8.574 | cl_loss:8.574
[172-epoch] time:160.663 | knn acc: 75.432 | back acc: 76.790 | loss:8.572 | cl_loss:8.572
[173-epoch] time:144.059 | knn acc: 75.432 | back acc: 76.790 | loss:8.563 | cl_loss:8.563
[174-epoch] time:167.147 | knn acc: 75.432 | back acc: 76.790 | loss:8.542 | cl_loss:8.542
[175-epoch] time:137.535 | knn acc: 75.432 | back acc: 76.790 | loss:8.554 | cl_loss:8.554
[176-epoch] time:167.607 | knn acc: 76.758 | back acc: 17.330 | loss:8.562 | cl_loss:8.562
[177-epoch] time:157.193 | knn acc: 76.758 | back acc: 17.330 | loss:8.545 | cl_loss:8.545
[178-epoch] time:147.382 | knn acc: 76.758 | back acc: 17.330 | loss:8.559 | cl_loss:8.559
[179-epoch] time:157.059 | knn acc: 76.758 | back acc: 17.330 | loss:8.555 | cl_loss:8.555
[180-epoch] time:143.293 | knn acc: 76.758 | back acc: 17.330 | loss:8.561 | cl_loss:8.561
[181-epoch] time:170.121 | knn acc: 76.038 | back acc: 71.820 | loss:8.548 | cl_loss:8.548
[182-epoch] time:157.541 | knn acc: 76.038 | back acc: 71.820 | loss:8.542 | cl_loss:8.542
[183-epoch] time:150.332 | knn acc: 76.038 | back acc: 71.820 | loss:8.556 | cl_loss:8.556
[184-epoch] time:152.254 | knn acc: 76.038 | back acc: 71.820 | loss:8.558 | cl_loss:8.558
[185-epoch] time:149.791 | knn acc: 76.038 | back acc: 71.820 | loss:8.536 | cl_loss:8.536
[186-epoch] time:164.908 | knn acc: 76.398 | back acc: 63.680 | loss:8.513 | cl_loss:8.513
[187-epoch] time:139.472 | knn acc: 76.398 | back acc: 63.680 | loss:8.541 | cl_loss:8.541
[188-epoch] time:161.682 | knn acc: 76.398 | back acc: 63.680 | loss:8.541 | cl_loss:8.541
[189-epoch] time:158.175 | knn acc: 76.398 | back acc: 63.680 | loss:8.515 | cl_loss:8.515
[190-epoch] time:139.901 | knn acc: 76.398 | back acc: 63.680 | loss:8.532 | cl_loss:8.532
[191-epoch] time:169.395 | knn acc: 75.894 | back acc: 97.480 | loss:8.549 | cl_loss:8.549
[192-epoch] time:147.571 | knn acc: 75.894 | back acc: 97.480 | loss:8.511 | cl_loss:8.511
[193-epoch] time:161.291 | knn acc: 75.894 | back acc: 97.480 | loss:8.533 | cl_loss:8.533
[194-epoch] time:157.528 | knn acc: 75.894 | back acc: 97.480 | loss:8.507 | cl_loss:8.507
[195-epoch] time:141.608 | knn acc: 75.894 | back acc: 97.480 | loss:8.529 | cl_loss:8.529
[196-epoch] time:165.385 | knn acc: 77.786 | back acc: 88.490 | loss:8.532 | cl_loss:8.532
[197-epoch] time:133.963 | knn acc: 77.786 | back acc: 88.490 | loss:8.509 | cl_loss:8.509
[198-epoch] time:156.125 | knn acc: 77.786 | back acc: 88.490 | loss:8.519 | cl_loss:8.519
[199-epoch] time:153.848 | knn acc: 77.786 | back acc: 88.490 | loss:8.526 | cl_loss:8.526
[200-epoch] time:144.691 | knn acc: 77.786 | back acc: 88.490 | loss:8.546 | cl_loss:8.546
[201-epoch] time:162.484 | knn acc: 76.634 | back acc: 67.550 | loss:8.536 | cl_loss:8.536
201-th epoch saved
[202-epoch] time:145.033 | knn acc: 76.634 | back acc: 67.550 | loss:8.519 | cl_loss:8.519
[203-epoch] time:155.272 | knn acc: 76.634 | back acc: 67.550 | loss:8.519 | cl_loss:8.519
[204-epoch] time:142.551 | knn acc: 76.634 | back acc: 67.550 | loss:8.532 | cl_loss:8.532
[205-epoch] time:160.860 | knn acc: 76.634 | back acc: 67.550 | loss:8.488 | cl_loss:8.488
[206-epoch] time:165.088 | knn acc: 77.426 | back acc: 97.480 | loss:8.520 | cl_loss:8.520
[207-epoch] time:31.790 | knn acc: 77.426 | back acc: 97.480 | loss:8.492 | cl_loss:8.492
[208-epoch] time:43.126 | knn acc: 77.426 | back acc: 97.480 | loss:8.512 | cl_loss:8.512
[209-epoch] time:41.671 | knn acc: 77.426 | back acc: 97.480 | loss:8.504 | cl_loss:8.504
[210-epoch] time:33.667 | knn acc: 77.426 | back acc: 97.480 | loss:8.517 | cl_loss:8.517
[211-epoch] time:35.894 | knn acc: 74.887 | back acc: 92.040 | loss:8.522 | cl_loss:8.522
[212-epoch] time:31.546 | knn acc: 74.887 | back acc: 92.040 | loss:8.497 | cl_loss:8.497
[213-epoch] time:31.170 | knn acc: 74.887 | back acc: 92.040 | loss:8.469 | cl_loss:8.469
[214-epoch] time:32.264 | knn acc: 74.887 | back acc: 92.040 | loss:8.499 | cl_loss:8.499
[215-epoch] time:31.870 | knn acc: 74.887 | back acc: 92.040 | loss:8.499 | cl_loss:8.499
[216-epoch] time:37.252 | knn acc: 77.590 | back acc: 27.230 | loss:8.497 | cl_loss:8.497
[217-epoch] time:31.269 | knn acc: 77.590 | back acc: 27.230 | loss:8.515 | cl_loss:8.515
[218-epoch] time:33.303 | knn acc: 77.590 | back acc: 27.230 | loss:8.482 | cl_loss:8.482
[219-epoch] time:31.223 | knn acc: 77.590 | back acc: 27.230 | loss:8.495 | cl_loss:8.495
[220-epoch] time:36.278 | knn acc: 77.590 | back acc: 27.230 | loss:8.501 | cl_loss:8.501
[221-epoch] time:42.803 | knn acc: 77.333 | back acc: 50.050 | loss:8.500 | cl_loss:8.500
[222-epoch] time:32.295 | knn acc: 77.333 | back acc: 50.050 | loss:8.491 | cl_loss:8.491
[223-epoch] time:36.707 | knn acc: 77.333 | back acc: 50.050 | loss:8.489 | cl_loss:8.489
[224-epoch] time:34.123 | knn acc: 77.333 | back acc: 50.050 | loss:8.492 | cl_loss:8.492
[225-epoch] time:31.834 | knn acc: 77.333 | back acc: 50.050 | loss:8.478 | cl_loss:8.478
[226-epoch] time:37.243 | knn acc: 76.429 | back acc: 68.780 | loss:8.471 | cl_loss:8.471
[227-epoch] time:34.672 | knn acc: 76.429 | back acc: 68.780 | loss:8.472 | cl_loss:8.472
[228-epoch] time:35.610 | knn acc: 76.429 | back acc: 68.780 | loss:8.470 | cl_loss:8.470
[229-epoch] time:39.798 | knn acc: 76.429 | back acc: 68.780 | loss:8.482 | cl_loss:8.482
[230-epoch] time:31.931 | knn acc: 76.429 | back acc: 68.780 | loss:8.474 | cl_loss:8.474
[231-epoch] time:37.384 | knn acc: 76.542 | back acc: 49.640 | loss:8.475 | cl_loss:8.475
[232-epoch] time:30.935 | knn acc: 76.542 | back acc: 49.640 | loss:8.469 | cl_loss:8.469
[233-epoch] time:31.969 | knn acc: 76.542 | back acc: 49.640 | loss:8.480 | cl_loss:8.480
[234-epoch] time:31.284 | knn acc: 76.542 | back acc: 49.640 | loss:8.471 | cl_loss:8.471
[235-epoch] time:32.735 | knn acc: 76.542 | back acc: 49.640 | loss:8.457 | cl_loss:8.457
[236-epoch] time:35.793 | knn acc: 75.668 | back acc: 57.340 | loss:8.468 | cl_loss:8.468
[237-epoch] time:32.298 | knn acc: 75.668 | back acc: 57.340 | loss:8.475 | cl_loss:8.475
[238-epoch] time:31.431 | knn acc: 75.668 | back acc: 57.340 | loss:8.464 | cl_loss:8.464
[239-epoch] time:30.887 | knn acc: 75.668 | back acc: 57.340 | loss:8.477 | cl_loss:8.477
[240-epoch] time:32.022 | knn acc: 75.668 | back acc: 57.340 | loss:8.464 | cl_loss:8.464
[241-epoch] time:36.519 | knn acc: 76.717 | back acc: 88.490 | loss:8.462 | cl_loss:8.462
[242-epoch] time:35.260 | knn acc: 76.717 | back acc: 88.490 | loss:8.448 | cl_loss:8.448
[243-epoch] time:38.478 | knn acc: 76.717 | back acc: 88.490 | loss:8.451 | cl_loss:8.451
[244-epoch] time:40.000 | knn acc: 76.717 | back acc: 88.490 | loss:8.472 | cl_loss:8.472
[245-epoch] time:36.612 | knn acc: 76.717 | back acc: 88.490 | loss:8.456 | cl_loss:8.456
[246-epoch] time:39.939 | knn acc: 76.686 | back acc: 32.270 | loss:8.462 | cl_loss:8.462
[247-epoch] time:31.030 | knn acc: 76.686 | back acc: 32.270 | loss:8.458 | cl_loss:8.458
[248-epoch] time:34.404 | knn acc: 76.686 | back acc: 32.270 | loss:8.439 | cl_loss:8.439
[249-epoch] time:31.019 | knn acc: 76.686 | back acc: 32.270 | loss:8.433 | cl_loss:8.433
[250-epoch] time:31.306 | knn acc: 76.686 | back acc: 32.270 | loss:8.470 | cl_loss:8.470
[251-epoch] time:35.794 | knn acc: 77.796 | back acc: 21.470 | loss:8.436 | cl_loss:8.436
[252-epoch] time:32.155 | knn acc: 77.796 | back acc: 21.470 | loss:8.446 | cl_loss:8.446
[253-epoch] time:32.363 | knn acc: 77.796 | back acc: 21.470 | loss:8.482 | cl_loss:8.482
[254-epoch] time:30.978 | knn acc: 77.796 | back acc: 21.470 | loss:8.428 | cl_loss:8.428
[255-epoch] time:31.080 | knn acc: 77.796 | back acc: 21.470 | loss:8.438 | cl_loss:8.438
[256-epoch] time:34.936 | knn acc: 77.632 | back acc: 84.100 | loss:8.435 | cl_loss:8.435
[257-epoch] time:31.900 | knn acc: 77.632 | back acc: 84.100 | loss:8.468 | cl_loss:8.468
[258-epoch] time:31.513 | knn acc: 77.632 | back acc: 84.100 | loss:8.442 | cl_loss:8.442
[259-epoch] time:33.625 | knn acc: 77.632 | back acc: 84.100 | loss:8.437 | cl_loss:8.437
[260-epoch] time:32.028 | knn acc: 77.632 | back acc: 84.100 | loss:8.442 | cl_loss:8.442
[261-epoch] time:37.528 | knn acc: 77.991 | back acc: 15.300 | loss:8.440 | cl_loss:8.440
[262-epoch] time:30.573 | knn acc: 77.991 | back acc: 15.300 | loss:8.438 | cl_loss:8.438
[263-epoch] time:35.778 | knn acc: 77.991 | back acc: 15.300 | loss:8.449 | cl_loss:8.449
[264-epoch] time:32.667 | knn acc: 77.991 | back acc: 15.300 | loss:8.451 | cl_loss:8.451
[265-epoch] time:31.783 | knn acc: 77.991 | back acc: 15.300 | loss:8.431 | cl_loss:8.431
[266-epoch] time:36.145 | knn acc: 76.963 | back acc: 49.510 | loss:8.409 | cl_loss:8.409
[267-epoch] time:32.420 | knn acc: 76.963 | back acc: 49.510 | loss:8.421 | cl_loss:8.421
[268-epoch] time:30.808 | knn acc: 76.963 | back acc: 49.510 | loss:8.426 | cl_loss:8.426
[269-epoch] time:30.760 | knn acc: 76.963 | back acc: 49.510 | loss:8.448 | cl_loss:8.448
[270-epoch] time:31.471 | knn acc: 76.963 | back acc: 49.510 | loss:8.408 | cl_loss:8.408
[271-epoch] time:35.607 | knn acc: 77.457 | back acc: 5.380 | loss:8.415 | cl_loss:8.415
[272-epoch] time:32.230 | knn acc: 77.457 | back acc: 5.380 | loss:8.433 | cl_loss:8.433
[273-epoch] time:31.064 | knn acc: 77.457 | back acc: 5.380 | loss:8.426 | cl_loss:8.426
[274-epoch] time:31.349 | knn acc: 77.457 | back acc: 5.380 | loss:8.396 | cl_loss:8.396
[275-epoch] time:30.643 | knn acc: 77.457 | back acc: 5.380 | loss:8.418 | cl_loss:8.418
[276-epoch] time:35.150 | knn acc: 78.074 | back acc: 92.110 | loss:8.414 | cl_loss:8.414
[277-epoch] time:30.725 | knn acc: 78.074 | back acc: 92.110 | loss:8.428 | cl_loss:8.428
[278-epoch] time:30.832 | knn acc: 78.074 | back acc: 92.110 | loss:8.402 | cl_loss:8.402
[279-epoch] time:32.862 | knn acc: 78.074 | back acc: 92.110 | loss:8.416 | cl_loss:8.416
[280-epoch] time:30.967 | knn acc: 78.074 | back acc: 92.110 | loss:8.389 | cl_loss:8.389
[281-epoch] time:35.762 | knn acc: 74.815 | back acc: 0.610 | loss:8.407 | cl_loss:8.407
[282-epoch] time:30.708 | knn acc: 74.815 | back acc: 0.610 | loss:8.392 | cl_loss:8.392
[283-epoch] time:31.868 | knn acc: 74.815 | back acc: 0.610 | loss:8.408 | cl_loss:8.408
[284-epoch] time:31.714 | knn acc: 74.815 | back acc: 0.610 | loss:8.412 | cl_loss:8.412
[285-epoch] time:30.990 | knn acc: 74.815 | back acc: 0.610 | loss:8.401 | cl_loss:8.401
[286-epoch] time:36.121 | knn acc: 78.824 | back acc: 8.570 | loss:8.417 | cl_loss:8.417
[287-epoch] time:30.533 | knn acc: 78.824 | back acc: 8.570 | loss:8.378 | cl_loss:8.378
[288-epoch] time:31.397 | knn acc: 78.824 | back acc: 8.570 | loss:8.405 | cl_loss:8.405
[289-epoch] time:31.124 | knn acc: 78.824 | back acc: 8.570 | loss:8.398 | cl_loss:8.398
[290-epoch] time:33.441 | knn acc: 78.824 | back acc: 8.570 | loss:8.392 | cl_loss:8.392
[291-epoch] time:36.827 | knn acc: 79.307 | back acc: 4.010 | loss:8.424 | cl_loss:8.424
[292-epoch] time:31.198 | knn acc: 79.307 | back acc: 4.010 | loss:8.408 | cl_loss:8.408
[293-epoch] time:31.148 | knn acc: 79.307 | back acc: 4.010 | loss:8.406 | cl_loss:8.406
[294-epoch] time:30.823 | knn acc: 79.307 | back acc: 4.010 | loss:8.386 | cl_loss:8.386
[295-epoch] time:32.298 | knn acc: 79.307 | back acc: 4.010 | loss:8.390 | cl_loss:8.390
[296-epoch] time:35.285 | knn acc: 78.875 | back acc: 16.720 | loss:8.397 | cl_loss:8.397
[297-epoch] time:31.993 | knn acc: 78.875 | back acc: 16.720 | loss:8.390 | cl_loss:8.390
[298-epoch] time:31.316 | knn acc: 78.875 | back acc: 16.720 | loss:8.389 | cl_loss:8.389
[299-epoch] time:32.136 | knn acc: 78.875 | back acc: 16.720 | loss:8.374 | cl_loss:8.374
[300-epoch] time:31.177 | knn acc: 78.875 | back acc: 16.720 | loss:8.366 | cl_loss:8.366
[301-epoch] time:35.190 | knn acc: 78.464 | back acc: 56.890 | loss:8.367 | cl_loss:8.367
301-th epoch saved
[302-epoch] time:31.375 | knn acc: 78.464 | back acc: 56.890 | loss:8.411 | cl_loss:8.411
[303-epoch] time:33.100 | knn acc: 78.464 | back acc: 56.890 | loss:8.381 | cl_loss:8.381
[304-epoch] time:32.455 | knn acc: 78.464 | back acc: 56.890 | loss:8.376 | cl_loss:8.376
[305-epoch] time:33.001 | knn acc: 78.464 | back acc: 56.890 | loss:8.390 | cl_loss:8.390
[306-epoch] time:35.913 | knn acc: 76.799 | back acc: 2.660 | loss:8.409 | cl_loss:8.409
[307-epoch] time:30.440 | knn acc: 76.799 | back acc: 2.660 | loss:8.370 | cl_loss:8.370
[308-epoch] time:33.001 | knn acc: 76.799 | back acc: 2.660 | loss:8.364 | cl_loss:8.364
[309-epoch] time:30.995 | knn acc: 76.799 | back acc: 2.660 | loss:8.368 | cl_loss:8.368
[310-epoch] time:31.463 | knn acc: 76.799 | back acc: 2.660 | loss:8.352 | cl_loss:8.352
[311-epoch] time:36.584 | knn acc: 77.118 | back acc: 2.490 | loss:8.366 | cl_loss:8.366
[312-epoch] time:31.432 | knn acc: 77.118 | back acc: 2.490 | loss:8.357 | cl_loss:8.357
[313-epoch] time:32.285 | knn acc: 77.118 | back acc: 2.490 | loss:8.385 | cl_loss:8.385
[314-epoch] time:30.780 | knn acc: 77.118 | back acc: 2.490 | loss:8.377 | cl_loss:8.377
[315-epoch] time:33.231 | knn acc: 77.118 | back acc: 2.490 | loss:8.379 | cl_loss:8.379
[316-epoch] time:35.519 | knn acc: 79.605 | back acc: 52.400 | loss:8.387 | cl_loss:8.387
[317-epoch] time:31.497 | knn acc: 79.605 | back acc: 52.400 | loss:8.364 | cl_loss:8.364
[318-epoch] time:30.774 | knn acc: 79.605 | back acc: 52.400 | loss:8.366 | cl_loss:8.366
[319-epoch] time:30.926 | knn acc: 79.605 | back acc: 52.400 | loss:8.373 | cl_loss:8.373
[320-epoch] time:30.289 | knn acc: 79.605 | back acc: 52.400 | loss:8.352 | cl_loss:8.352
[321-epoch] time:35.939 | knn acc: 80.253 | back acc: 3.460 | loss:8.362 | cl_loss:8.362
[322-epoch] time:31.351 | knn acc: 80.253 | back acc: 3.460 | loss:8.354 | cl_loss:8.354
[323-epoch] time:31.672 | knn acc: 80.253 | back acc: 3.460 | loss:8.364 | cl_loss:8.364
[324-epoch] time:33.367 | knn acc: 80.253 | back acc: 3.460 | loss:8.349 | cl_loss:8.349
[325-epoch] time:30.659 | knn acc: 80.253 | back acc: 3.460 | loss:8.361 | cl_loss:8.361
[326-epoch] time:36.959 | knn acc: 77.858 | back acc: 90.260 | loss:8.379 | cl_loss:8.379
[327-epoch] time:30.774 | knn acc: 77.858 | back acc: 90.260 | loss:8.350 | cl_loss:8.350
[328-epoch] time:32.786 | knn acc: 77.858 | back acc: 90.260 | loss:8.357 | cl_loss:8.357
[329-epoch] time:31.521 | knn acc: 77.858 | back acc: 90.260 | loss:8.373 | cl_loss:8.373
[330-epoch] time:31.023 | knn acc: 77.858 | back acc: 90.260 | loss:8.341 | cl_loss:8.341
[331-epoch] time:35.456 | knn acc: 78.567 | back acc: 38.530 | loss:8.351 | cl_loss:8.351
[332-epoch] time:31.638 | knn acc: 78.567 | back acc: 38.530 | loss:8.375 | cl_loss:8.375
[333-epoch] time:31.640 | knn acc: 78.567 | back acc: 38.530 | loss:8.357 | cl_loss:8.357
[334-epoch] time:31.248 | knn acc: 78.567 | back acc: 38.530 | loss:8.357 | cl_loss:8.357
[335-epoch] time:31.469 | knn acc: 78.567 | back acc: 38.530 | loss:8.326 | cl_loss:8.326
[336-epoch] time:36.344 | knn acc: 77.734 | back acc: 12.030 | loss:8.331 | cl_loss:8.331
[337-epoch] time:31.232 | knn acc: 77.734 | back acc: 12.030 | loss:8.337 | cl_loss:8.337
[338-epoch] time:31.332 | knn acc: 77.734 | back acc: 12.030 | loss:8.329 | cl_loss:8.329
[339-epoch] time:32.223 | knn acc: 77.734 | back acc: 12.030 | loss:8.336 | cl_loss:8.336
[340-epoch] time:34.147 | knn acc: 77.734 | back acc: 12.030 | loss:8.323 | cl_loss:8.323
[341-epoch] time:35.620 | knn acc: 79.019 | back acc: 74.830 | loss:8.333 | cl_loss:8.333
[342-epoch] time:31.552 | knn acc: 79.019 | back acc: 74.830 | loss:8.353 | cl_loss:8.353
[343-epoch] time:31.325 | knn acc: 79.019 | back acc: 74.830 | loss:8.357 | cl_loss:8.357
[344-epoch] time:32.768 | knn acc: 79.019 | back acc: 74.830 | loss:8.337 | cl_loss:8.337
[345-epoch] time:31.433 | knn acc: 79.019 | back acc: 74.830 | loss:8.348 | cl_loss:8.348
[346-epoch] time:36.986 | knn acc: 77.919 | back acc: 89.730 | loss:8.330 | cl_loss:8.330
[347-epoch] time:31.159 | knn acc: 77.919 | back acc: 89.730 | loss:8.355 | cl_loss:8.355
[348-epoch] time:31.661 | knn acc: 77.919 | back acc: 89.730 | loss:8.330 | cl_loss:8.330
[349-epoch] time:31.320 | knn acc: 77.919 | back acc: 89.730 | loss:8.327 | cl_loss:8.327
[350-epoch] time:31.050 | knn acc: 77.919 | back acc: 89.730 | loss:8.328 | cl_loss:8.328
[351-epoch] time:37.025 | knn acc: 78.351 | back acc: 42.330 | loss:8.320 | cl_loss:8.320
[352-epoch] time:30.005 | knn acc: 78.351 | back acc: 42.330 | loss:8.332 | cl_loss:8.332
[353-epoch] time:32.478 | knn acc: 78.351 | back acc: 42.330 | loss:8.323 | cl_loss:8.323
[354-epoch] time:30.396 | knn acc: 78.351 | back acc: 42.330 | loss:8.327 | cl_loss:8.327
[355-epoch] time:30.347 | knn acc: 78.351 | back acc: 42.330 | loss:8.330 | cl_loss:8.330
[356-epoch] time:34.929 | knn acc: 78.927 | back acc: 52.820 | loss:8.302 | cl_loss:8.302
[357-epoch] time:31.363 | knn acc: 78.927 | back acc: 52.820 | loss:8.341 | cl_loss:8.341
[358-epoch] time:31.026 | knn acc: 78.927 | back acc: 52.820 | loss:8.317 | cl_loss:8.317
[359-epoch] time:31.177 | knn acc: 78.927 | back acc: 52.820 | loss:8.341 | cl_loss:8.341
[360-epoch] time:31.582 | knn acc: 78.927 | back acc: 52.820 | loss:8.303 | cl_loss:8.303
[361-epoch] time:35.198 | knn acc: 78.331 | back acc: 67.050 | loss:8.326 | cl_loss:8.326
[362-epoch] time:32.068 | knn acc: 78.331 | back acc: 67.050 | loss:8.312 | cl_loss:8.312
[363-epoch] time:30.892 | knn acc: 78.331 | back acc: 67.050 | loss:8.284 | cl_loss:8.284
[364-epoch] time:31.478 | knn acc: 78.331 | back acc: 67.050 | loss:8.308 | cl_loss:8.308
[365-epoch] time:29.994 | knn acc: 78.331 | back acc: 67.050 | loss:8.294 | cl_loss:8.294
[366-epoch] time:35.657 | knn acc: 78.557 | back acc: 45.800 | loss:8.304 | cl_loss:8.304
[367-epoch] time:31.425 | knn acc: 78.557 | back acc: 45.800 | loss:8.311 | cl_loss:8.311
[368-epoch] time:30.561 | knn acc: 78.557 | back acc: 45.800 | loss:8.330 | cl_loss:8.330
[369-epoch] time:31.371 | knn acc: 78.557 | back acc: 45.800 | loss:8.278 | cl_loss:8.278
[370-epoch] time:30.640 | knn acc: 78.557 | back acc: 45.800 | loss:8.321 | cl_loss:8.321
[371-epoch] time:37.133 | knn acc: 76.542 | back acc: 44.730 | loss:8.303 | cl_loss:8.303
[372-epoch] time:31.575 | knn acc: 76.542 | back acc: 44.730 | loss:8.320 | cl_loss:8.320
[373-epoch] time:31.077 | knn acc: 76.542 | back acc: 44.730 | loss:8.298 | cl_loss:8.298
[374-epoch] time:31.071 | knn acc: 76.542 | back acc: 44.730 | loss:8.326 | cl_loss:8.326
[375-epoch] time:32.438 | knn acc: 76.542 | back acc: 44.730 | loss:8.295 | cl_loss:8.295
[376-epoch] time:35.696 | knn acc: 80.047 | back acc: 88.060 | loss:8.299 | cl_loss:8.299
[377-epoch] time:30.848 | knn acc: 80.047 | back acc: 88.060 | loss:8.301 | cl_loss:8.301
[378-epoch] time:32.162 | knn acc: 80.047 | back acc: 88.060 | loss:8.292 | cl_loss:8.292
[379-epoch] time:31.300 | knn acc: 80.047 | back acc: 88.060 | loss:8.305 | cl_loss:8.305
[380-epoch] time:30.801 | knn acc: 80.047 | back acc: 88.060 | loss:8.269 | cl_loss:8.269
[381-epoch] time:35.718 | knn acc: 80.962 | back acc: 88.920 | loss:8.279 | cl_loss:8.279
[382-epoch] time:31.343 | knn acc: 80.962 | back acc: 88.920 | loss:8.284 | cl_loss:8.284
[383-epoch] time:30.385 | knn acc: 80.962 | back acc: 88.920 | loss:8.294 | cl_loss:8.294
[384-epoch] time:30.711 | knn acc: 80.962 | back acc: 88.920 | loss:8.284 | cl_loss:8.284
[385-epoch] time:29.543 | knn acc: 80.962 | back acc: 88.920 | loss:8.274 | cl_loss:8.274
[386-epoch] time:33.902 | knn acc: 79.009 | back acc: 90.420 | loss:8.285 | cl_loss:8.285
[387-epoch] time:28.940 | knn acc: 79.009 | back acc: 90.420 | loss:8.292 | cl_loss:8.292
[388-epoch] time:31.485 | knn acc: 79.009 | back acc: 90.420 | loss:8.269 | cl_loss:8.269
[389-epoch] time:31.542 | knn acc: 79.009 | back acc: 90.420 | loss:8.289 | cl_loss:8.289
[390-epoch] time:31.568 | knn acc: 79.009 | back acc: 90.420 | loss:8.272 | cl_loss:8.272
[391-epoch] time:36.088 | knn acc: 79.431 | back acc: 59.330 | loss:8.262 | cl_loss:8.262
[392-epoch] time:30.413 | knn acc: 79.431 | back acc: 59.330 | loss:8.288 | cl_loss:8.288
[393-epoch] time:29.981 | knn acc: 79.431 | back acc: 59.330 | loss:8.277 | cl_loss:8.277
[394-epoch] time:30.069 | knn acc: 79.431 | back acc: 59.330 | loss:8.292 | cl_loss:8.292
[395-epoch] time:30.003 | knn acc: 79.431 | back acc: 59.330 | loss:8.284 | cl_loss:8.284
[396-epoch] time:34.462 | knn acc: 78.012 | back acc: 74.340 | loss:8.272 | cl_loss:8.272
[397-epoch] time:30.742 | knn acc: 78.012 | back acc: 74.340 | loss:8.288 | cl_loss:8.288
[398-epoch] time:30.094 | knn acc: 78.012 | back acc: 74.340 | loss:8.286 | cl_loss:8.286
[399-epoch] time:29.980 | knn acc: 78.012 | back acc: 74.340 | loss:8.266 | cl_loss:8.266
[400-epoch] time:29.741 | knn acc: 78.012 | back acc: 74.340 | loss:8.268 | cl_loss:8.268
[401-epoch] time:34.332 | knn acc: 79.348 | back acc: 35.520 | loss:8.266 | cl_loss:8.266
401-th epoch saved
[402-epoch] time:30.817 | knn acc: 79.348 | back acc: 35.520 | loss:8.282 | cl_loss:8.282
[403-epoch] time:30.041 | knn acc: 79.348 | back acc: 35.520 | loss:8.257 | cl_loss:8.257
[404-epoch] time:29.874 | knn acc: 79.348 | back acc: 35.520 | loss:8.265 | cl_loss:8.265
[405-epoch] time:29.695 | knn acc: 79.348 | back acc: 35.520 | loss:8.271 | cl_loss:8.271
[406-epoch] time:34.528 | knn acc: 77.868 | back acc: 80.000 | loss:8.280 | cl_loss:8.280
[407-epoch] time:29.738 | knn acc: 77.868 | back acc: 80.000 | loss:8.252 | cl_loss:8.252
[408-epoch] time:30.035 | knn acc: 77.868 | back acc: 80.000 | loss:8.274 | cl_loss:8.274
[409-epoch] time:29.978 | knn acc: 77.868 | back acc: 80.000 | loss:8.259 | cl_loss:8.259
[410-epoch] time:29.695 | knn acc: 77.868 | back acc: 80.000 | loss:8.256 | cl_loss:8.256
[411-epoch] time:34.646 | knn acc: 78.824 | back acc: 47.260 | loss:8.238 | cl_loss:8.238
[412-epoch] time:30.583 | knn acc: 78.824 | back acc: 47.260 | loss:8.245 | cl_loss:8.245
[413-epoch] time:30.162 | knn acc: 78.824 | back acc: 47.260 | loss:8.249 | cl_loss:8.249
[414-epoch] time:29.776 | knn acc: 78.824 | back acc: 47.260 | loss:8.250 | cl_loss:8.250
[415-epoch] time:29.803 | knn acc: 78.824 | back acc: 47.260 | loss:8.255 | cl_loss:8.255
[416-epoch] time:34.018 | knn acc: 79.780 | back acc: 88.390 | loss:8.251 | cl_loss:8.251
[417-epoch] time:30.617 | knn acc: 79.780 | back acc: 88.390 | loss:8.270 | cl_loss:8.270
[418-epoch] time:29.451 | knn acc: 79.780 | back acc: 88.390 | loss:8.254 | cl_loss:8.254
[419-epoch] time:31.618 | knn acc: 79.780 | back acc: 88.390 | loss:8.248 | cl_loss:8.248
[420-epoch] time:30.087 | knn acc: 79.780 | back acc: 88.390 | loss:8.242 | cl_loss:8.242
[421-epoch] time:34.165 | knn acc: 77.364 | back acc: 76.030 | loss:8.242 | cl_loss:8.242
[422-epoch] time:30.584 | knn acc: 77.364 | back acc: 76.030 | loss:8.240 | cl_loss:8.240
[423-epoch] time:30.517 | knn acc: 77.364 | back acc: 76.030 | loss:8.254 | cl_loss:8.254
[424-epoch] time:30.430 | knn acc: 77.364 | back acc: 76.030 | loss:8.239 | cl_loss:8.239
[425-epoch] time:30.046 | knn acc: 77.364 | back acc: 76.030 | loss:8.225 | cl_loss:8.225
[426-epoch] time:35.623 | knn acc: 78.526 | back acc: 62.130 | loss:8.236 | cl_loss:8.236
[427-epoch] time:31.301 | knn acc: 78.526 | back acc: 62.130 | loss:8.224 | cl_loss:8.224
[428-epoch] time:29.762 | knn acc: 78.526 | back acc: 62.130 | loss:8.228 | cl_loss:8.228
[429-epoch] time:30.839 | knn acc: 78.526 | back acc: 62.130 | loss:8.233 | cl_loss:8.233
[430-epoch] time:31.215 | knn acc: 78.526 | back acc: 62.130 | loss:8.227 | cl_loss:8.227
[431-epoch] time:35.833 | knn acc: 78.269 | back acc: 85.270 | loss:8.244 | cl_loss:8.244
[432-epoch] time:30.102 | knn acc: 78.269 | back acc: 85.270 | loss:8.223 | cl_loss:8.223
[433-epoch] time:29.696 | knn acc: 78.269 | back acc: 85.270 | loss:8.227 | cl_loss:8.227
[434-epoch] time:29.911 | knn acc: 78.269 | back acc: 85.270 | loss:8.241 | cl_loss:8.241
[435-epoch] time:29.736 | knn acc: 78.269 | back acc: 85.270 | loss:8.235 | cl_loss:8.235
[436-epoch] time:34.808 | knn acc: 78.403 | back acc: 91.840 | loss:8.197 | cl_loss:8.197
[437-epoch] time:30.009 | knn acc: 78.403 | back acc: 91.840 | loss:8.204 | cl_loss:8.204
[438-epoch] time:30.180 | knn acc: 78.403 | back acc: 91.840 | loss:8.219 | cl_loss:8.219
[439-epoch] time:30.254 | knn acc: 78.403 | back acc: 91.840 | loss:8.202 | cl_loss:8.202
[440-epoch] time:29.971 | knn acc: 78.403 | back acc: 91.840 | loss:8.196 | cl_loss:8.196
[441-epoch] time:36.020 | knn acc: 79.708 | back acc: 10.600 | loss:8.208 | cl_loss:8.208
[442-epoch] time:30.349 | knn acc: 79.708 | back acc: 10.600 | loss:8.213 | cl_loss:8.213
[443-epoch] time:29.864 | knn acc: 79.708 | back acc: 10.600 | loss:8.204 | cl_loss:8.204
[444-epoch] time:29.787 | knn acc: 79.708 | back acc: 10.600 | loss:8.222 | cl_loss:8.222
[445-epoch] time:29.418 | knn acc: 79.708 | back acc: 10.600 | loss:8.195 | cl_loss:8.195
[446-epoch] time:35.275 | knn acc: 79.564 | back acc: 80.580 | loss:8.224 | cl_loss:8.224
[447-epoch] time:29.666 | knn acc: 79.564 | back acc: 80.580 | loss:8.209 | cl_loss:8.209
[448-epoch] time:29.658 | knn acc: 79.564 | back acc: 80.580 | loss:8.212 | cl_loss:8.212
[449-epoch] time:29.248 | knn acc: 79.564 | back acc: 80.580 | loss:8.202 | cl_loss:8.202
[450-epoch] time:31.484 | knn acc: 79.564 | back acc: 80.580 | loss:8.202 | cl_loss:8.202
[451-epoch] time:33.837 | knn acc: 78.588 | back acc: 56.910 | loss:8.202 | cl_loss:8.202
[452-epoch] time:29.618 | knn acc: 78.588 | back acc: 56.910 | loss:8.216 | cl_loss:8.216
[453-epoch] time:29.911 | knn acc: 78.588 | back acc: 56.910 | loss:8.208 | cl_loss:8.208
[454-epoch] time:30.407 | knn acc: 78.588 | back acc: 56.910 | loss:8.212 | cl_loss:8.212
[455-epoch] time:29.665 | knn acc: 78.588 | back acc: 56.910 | loss:8.184 | cl_loss:8.184
[456-epoch] time:35.316 | knn acc: 79.174 | back acc: 58.850 | loss:8.184 | cl_loss:8.184
[457-epoch] time:31.276 | knn acc: 79.174 | back acc: 58.850 | loss:8.175 | cl_loss:8.175
[458-epoch] time:31.418 | knn acc: 79.174 | back acc: 58.850 | loss:8.193 | cl_loss:8.193
[459-epoch] time:31.198 | knn acc: 79.174 | back acc: 58.850 | loss:8.199 | cl_loss:8.199
[460-epoch] time:31.244 | knn acc: 79.174 | back acc: 58.850 | loss:8.177 | cl_loss:8.177
[461-epoch] time:34.269 | knn acc: 78.783 | back acc: 99.490 | loss:8.182 | cl_loss:8.182
[462-epoch] time:29.901 | knn acc: 78.783 | back acc: 99.490 | loss:8.167 | cl_loss:8.167
[463-epoch] time:29.672 | knn acc: 78.783 | back acc: 99.490 | loss:8.194 | cl_loss:8.194
[464-epoch] time:29.689 | knn acc: 78.783 | back acc: 99.490 | loss:8.173 | cl_loss:8.173
[465-epoch] time:30.237 | knn acc: 78.783 | back acc: 99.490 | loss:8.182 | cl_loss:8.182
[466-epoch] time:35.712 | knn acc: 78.351 | back acc: 94.260 | loss:8.183 | cl_loss:8.183
[467-epoch] time:30.218 | knn acc: 78.351 | back acc: 94.260 | loss:8.194 | cl_loss:8.194
[468-epoch] time:31.033 | knn acc: 78.351 | back acc: 94.260 | loss:8.185 | cl_loss:8.185
[469-epoch] time:30.676 | knn acc: 78.351 | back acc: 94.260 | loss:8.186 | cl_loss:8.186
[470-epoch] time:31.903 | knn acc: 78.351 | back acc: 94.260 | loss:8.196 | cl_loss:8.196
[471-epoch] time:35.081 | knn acc: 79.317 | back acc: 34.960 | loss:8.163 | cl_loss:8.163
[472-epoch] time:29.441 | knn acc: 79.317 | back acc: 34.960 | loss:8.194 | cl_loss:8.194
[473-epoch] time:29.521 | knn acc: 79.317 | back acc: 34.960 | loss:8.175 | cl_loss:8.175
[474-epoch] time:29.977 | knn acc: 79.317 | back acc: 34.960 | loss:8.150 | cl_loss:8.150
[475-epoch] time:29.051 | knn acc: 79.317 | back acc: 34.960 | loss:8.175 | cl_loss:8.175
[476-epoch] time:33.534 | knn acc: 80.078 | back acc: 85.150 | loss:8.167 | cl_loss:8.167
[477-epoch] time:30.432 | knn acc: 80.078 | back acc: 85.150 | loss:8.162 | cl_loss:8.162
[478-epoch] time:30.563 | knn acc: 80.078 | back acc: 85.150 | loss:8.173 | cl_loss:8.173
[479-epoch] time:29.704 | knn acc: 80.078 | back acc: 85.150 | loss:8.147 | cl_loss:8.147
[480-epoch] time:29.657 | knn acc: 80.078 | back acc: 85.150 | loss:8.160 | cl_loss:8.160
[481-epoch] time:34.223 | knn acc: 78.814 | back acc: 14.990 | loss:8.147 | cl_loss:8.147
[482-epoch] time:30.308 | knn acc: 78.814 | back acc: 14.990 | loss:8.154 | cl_loss:8.154
[483-epoch] time:29.825 | knn acc: 78.814 | back acc: 14.990 | loss:8.146 | cl_loss:8.146
[484-epoch] time:30.623 | knn acc: 78.814 | back acc: 14.990 | loss:8.149 | cl_loss:8.149
[485-epoch] time:31.005 | knn acc: 78.814 | back acc: 14.990 | loss:8.150 | cl_loss:8.150
[486-epoch] time:34.653 | knn acc: 78.084 | back acc: 96.420 | loss:8.127 | cl_loss:8.127
[487-epoch] time:31.305 | knn acc: 78.084 | back acc: 96.420 | loss:8.158 | cl_loss:8.158
[488-epoch] time:31.233 | knn acc: 78.084 | back acc: 96.420 | loss:8.139 | cl_loss:8.139
[489-epoch] time:30.903 | knn acc: 78.084 | back acc: 96.420 | loss:8.149 | cl_loss:8.149
[490-epoch] time:29.826 | knn acc: 78.084 | back acc: 96.420 | loss:8.148 | cl_loss:8.148
[491-epoch] time:34.457 | knn acc: 78.906 | back acc: 28.690 | loss:8.128 | cl_loss:8.128
[492-epoch] time:30.122 | knn acc: 78.906 | back acc: 28.690 | loss:8.164 | cl_loss:8.164
[493-epoch] time:30.898 | knn acc: 78.906 | back acc: 28.690 | loss:8.164 | cl_loss:8.164
[494-epoch] time:29.807 | knn acc: 78.906 | back acc: 28.690 | loss:8.151 | cl_loss:8.151
[495-epoch] time:30.359 | knn acc: 78.906 | back acc: 28.690 | loss:8.149 | cl_loss:8.149
[496-epoch] time:34.686 | knn acc: 78.156 | back acc: 30.290 | loss:8.145 | cl_loss:8.145
[497-epoch] time:31.477 | knn acc: 78.156 | back acc: 30.290 | loss:8.149 | cl_loss:8.149
[498-epoch] time:30.536 | knn acc: 78.156 | back acc: 30.290 | loss:8.156 | cl_loss:8.156
[499-epoch] time:31.682 | knn acc: 78.156 | back acc: 30.290 | loss:8.128 | cl_loss:8.128
[500-epoch] time:31.101 | knn acc: 78.156 | back acc: 30.290 | loss:8.126 | cl_loss:8.126
[501-epoch] time:34.335 | knn acc: 78.875 | back acc: 79.810 | loss:8.136 | cl_loss:8.136
501-th epoch saved
[502-epoch] time:30.235 | knn acc: 78.875 | back acc: 79.810 | loss:8.127 | cl_loss:8.127
[503-epoch] time:29.763 | knn acc: 78.875 | back acc: 79.810 | loss:8.119 | cl_loss:8.119
[504-epoch] time:29.833 | knn acc: 78.875 | back acc: 79.810 | loss:8.123 | cl_loss:8.123
[505-epoch] time:31.759 | knn acc: 78.875 | back acc: 79.810 | loss:8.131 | cl_loss:8.131
[506-epoch] time:34.703 | knn acc: 80.715 | back acc: 39.040 | loss:8.106 | cl_loss:8.106
[507-epoch] time:29.845 | knn acc: 80.715 | back acc: 39.040 | loss:8.114 | cl_loss:8.114
[508-epoch] time:30.243 | knn acc: 80.715 | back acc: 39.040 | loss:8.108 | cl_loss:8.108
[509-epoch] time:30.377 | knn acc: 80.715 | back acc: 39.040 | loss:8.126 | cl_loss:8.126
[510-epoch] time:30.997 | knn acc: 80.715 | back acc: 39.040 | loss:8.119 | cl_loss:8.119
[511-epoch] time:36.276 | knn acc: 80.232 | back acc: 83.870 | loss:8.123 | cl_loss:8.123
[512-epoch] time:32.462 | knn acc: 80.232 | back acc: 83.870 | loss:8.133 | cl_loss:8.133
[513-epoch] time:30.274 | knn acc: 80.232 | back acc: 83.870 | loss:8.106 | cl_loss:8.106
[514-epoch] time:29.669 | knn acc: 80.232 | back acc: 83.870 | loss:8.118 | cl_loss:8.118
[515-epoch] time:30.571 | knn acc: 80.232 | back acc: 83.870 | loss:8.119 | cl_loss:8.119
[516-epoch] time:34.758 | knn acc: 78.433 | back acc: 81.810 | loss:8.108 | cl_loss:8.108
[517-epoch] time:29.536 | knn acc: 78.433 | back acc: 81.810 | loss:8.116 | cl_loss:8.116
[518-epoch] time:31.090 | knn acc: 78.433 | back acc: 81.810 | loss:8.119 | cl_loss:8.119
[519-epoch] time:29.566 | knn acc: 78.433 | back acc: 81.810 | loss:8.093 | cl_loss:8.093
[520-epoch] time:30.028 | knn acc: 78.433 | back acc: 81.810 | loss:8.097 | cl_loss:8.097
[521-epoch] time:34.620 | knn acc: 80.078 | back acc: 89.140 | loss:8.102 | cl_loss:8.102
[522-epoch] time:29.724 | knn acc: 80.078 | back acc: 89.140 | loss:8.096 | cl_loss:8.096
[523-epoch] time:29.966 | knn acc: 80.078 | back acc: 89.140 | loss:8.083 | cl_loss:8.083
[524-epoch] time:31.069 | knn acc: 80.078 | back acc: 89.140 | loss:8.097 | cl_loss:8.097
[525-epoch] time:30.010 | knn acc: 80.078 | back acc: 89.140 | loss:8.105 | cl_loss:8.105
[526-epoch] time:34.493 | knn acc: 78.228 | back acc: 91.280 | loss:8.115 | cl_loss:8.115
[527-epoch] time:30.125 | knn acc: 78.228 | back acc: 91.280 | loss:8.094 | cl_loss:8.094
[528-epoch] time:30.469 | knn acc: 78.228 | back acc: 91.280 | loss:8.104 | cl_loss:8.104
[529-epoch] time:30.823 | knn acc: 78.228 | back acc: 91.280 | loss:8.109 | cl_loss:8.109
[530-epoch] time:30.875 | knn acc: 78.228 | back acc: 91.280 | loss:8.079 | cl_loss:8.079
[531-epoch] time:35.283 | knn acc: 79.811 | back acc: 93.600 | loss:8.089 | cl_loss:8.089
[532-epoch] time:30.033 | knn acc: 79.811 | back acc: 93.600 | loss:8.095 | cl_loss:8.095
[533-epoch] time:30.184 | knn acc: 79.811 | back acc: 93.600 | loss:8.101 | cl_loss:8.101
[534-epoch] time:30.551 | knn acc: 79.811 | back acc: 93.600 | loss:8.098 | cl_loss:8.098
[535-epoch] time:31.923 | knn acc: 79.811 | back acc: 93.600 | loss:8.086 | cl_loss:8.086
[536-epoch] time:35.101 | knn acc: 79.914 | back acc: 81.480 | loss:8.062 | cl_loss:8.062
[537-epoch] time:31.066 | knn acc: 79.914 | back acc: 81.480 | loss:8.082 | cl_loss:8.082
[538-epoch] time:31.471 | knn acc: 79.914 | back acc: 81.480 | loss:8.066 | cl_loss:8.066
[539-epoch] time:31.409 | knn acc: 79.914 | back acc: 81.480 | loss:8.078 | cl_loss:8.078
[540-epoch] time:30.466 | knn acc: 79.914 | back acc: 81.480 | loss:8.095 | cl_loss:8.095
[541-epoch] time:34.639 | knn acc: 81.271 | back acc: 54.980 | loss:8.072 | cl_loss:8.072
[542-epoch] time:29.786 | knn acc: 81.271 | back acc: 54.980 | loss:8.063 | cl_loss:8.063
[543-epoch] time:30.674 | knn acc: 81.271 | back acc: 54.980 | loss:8.073 | cl_loss:8.073
[544-epoch] time:32.141 | knn acc: 81.271 | back acc: 54.980 | loss:8.058 | cl_loss:8.058
[545-epoch] time:29.992 | knn acc: 81.271 | back acc: 54.980 | loss:8.046 | cl_loss:8.046
[546-epoch] time:34.162 | knn acc: 78.752 | back acc: 90.640 | loss:8.075 | cl_loss:8.075
[547-epoch] time:30.783 | knn acc: 78.752 | back acc: 90.640 | loss:8.048 | cl_loss:8.048
[548-epoch] time:30.182 | knn acc: 78.752 | back acc: 90.640 | loss:8.047 | cl_loss:8.047
[549-epoch] time:31.102 | knn acc: 78.752 | back acc: 90.640 | loss:8.054 | cl_loss:8.054
[550-epoch] time:30.680 | knn acc: 78.752 | back acc: 90.640 | loss:8.044 | cl_loss:8.044
[551-epoch] time:35.213 | knn acc: 79.595 | back acc: 72.220 | loss:8.062 | cl_loss:8.062
[552-epoch] time:29.854 | knn acc: 79.595 | back acc: 72.220 | loss:8.047 | cl_loss:8.047
[553-epoch] time:31.432 | knn acc: 79.595 | back acc: 72.220 | loss:8.029 | cl_loss:8.029
[554-epoch] time:31.644 | knn acc: 79.595 | back acc: 72.220 | loss:8.068 | cl_loss:8.068
[555-epoch] time:30.427 | knn acc: 79.595 | back acc: 72.220 | loss:8.060 | cl_loss:8.060
[556-epoch] time:34.547 | knn acc: 78.649 | back acc: 45.840 | loss:8.046 | cl_loss:8.046
[557-epoch] time:29.632 | knn acc: 78.649 | back acc: 45.840 | loss:8.059 | cl_loss:8.059
[558-epoch] time:29.408 | knn acc: 78.649 | back acc: 45.840 | loss:8.060 | cl_loss:8.060
[559-epoch] time:30.210 | knn acc: 78.649 | back acc: 45.840 | loss:8.033 | cl_loss:8.033
[560-epoch] time:29.332 | knn acc: 78.649 | back acc: 45.840 | loss:8.043 | cl_loss:8.043
[561-epoch] time:34.754 | knn acc: 80.582 | back acc: 78.220 | loss:8.050 | cl_loss:8.050
[562-epoch] time:29.025 | knn acc: 80.582 | back acc: 78.220 | loss:8.034 | cl_loss:8.034
[563-epoch] time:29.500 | knn acc: 80.582 | back acc: 78.220 | loss:8.052 | cl_loss:8.052
[564-epoch] time:30.484 | knn acc: 80.582 | back acc: 78.220 | loss:8.036 | cl_loss:8.036
[565-epoch] time:30.040 | knn acc: 80.582 | back acc: 78.220 | loss:8.032 | cl_loss:8.032
[566-epoch] time:34.101 | knn acc: 77.755 | back acc: 77.660 | loss:8.025 | cl_loss:8.025
[567-epoch] time:29.166 | knn acc: 77.755 | back acc: 77.660 | loss:8.032 | cl_loss:8.032
[568-epoch] time:30.381 | knn acc: 77.755 | back acc: 77.660 | loss:8.035 | cl_loss:8.035
[569-epoch] time:29.256 | knn acc: 77.755 | back acc: 77.660 | loss:8.024 | cl_loss:8.024
[570-epoch] time:30.491 | knn acc: 77.755 | back acc: 77.660 | loss:8.013 | cl_loss:8.013
[571-epoch] time:35.383 | knn acc: 80.160 | back acc: 94.540 | loss:8.041 | cl_loss:8.041
[572-epoch] time:29.781 | knn acc: 80.160 | back acc: 94.540 | loss:8.032 | cl_loss:8.032
[573-epoch] time:29.993 | knn acc: 80.160 | back acc: 94.540 | loss:8.001 | cl_loss:8.001
[574-epoch] time:30.430 | knn acc: 80.160 | back acc: 94.540 | loss:8.026 | cl_loss:8.026
[575-epoch] time:30.625 | knn acc: 80.160 | back acc: 94.540 | loss:8.025 | cl_loss:8.025
[576-epoch] time:34.377 | knn acc: 81.137 | back acc: 74.350 | loss:8.006 | cl_loss:8.006
[577-epoch] time:31.391 | knn acc: 81.137 | back acc: 74.350 | loss:8.017 | cl_loss:8.017
[578-epoch] time:29.867 | knn acc: 81.137 | back acc: 74.350 | loss:8.012 | cl_loss:8.012
[579-epoch] time:31.339 | knn acc: 81.137 | back acc: 74.350 | loss:8.016 | cl_loss:8.016
[580-epoch] time:29.469 | knn acc: 81.137 | back acc: 74.350 | loss:8.002 | cl_loss:8.002
[581-epoch] time:33.846 | knn acc: 80.572 | back acc: 94.130 | loss:8.018 | cl_loss:8.018
[582-epoch] time:29.598 | knn acc: 80.572 | back acc: 94.130 | loss:8.003 | cl_loss:8.003
[583-epoch] time:29.281 | knn acc: 80.572 | back acc: 94.130 | loss:8.020 | cl_loss:8.020
[584-epoch] time:29.434 | knn acc: 80.572 | back acc: 94.130 | loss:7.983 | cl_loss:7.983
[585-epoch] time:28.834 | knn acc: 80.572 | back acc: 94.130 | loss:7.998 | cl_loss:7.998
[586-epoch] time:33.377 | knn acc: 80.798 | back acc: 97.750 | loss:7.987 | cl_loss:7.987
[587-epoch] time:30.145 | knn acc: 80.798 | back acc: 97.750 | loss:7.986 | cl_loss:7.986
[588-epoch] time:29.475 | knn acc: 80.798 | back acc: 97.750 | loss:7.990 | cl_loss:7.990
[589-epoch] time:29.219 | knn acc: 80.798 | back acc: 97.750 | loss:7.988 | cl_loss:7.988
[590-epoch] time:29.329 | knn acc: 80.798 | back acc: 97.750 | loss:7.983 | cl_loss:7.983
[591-epoch] time:34.140 | knn acc: 80.273 | back acc: 88.550 | loss:7.996 | cl_loss:7.996
[592-epoch] time:30.505 | knn acc: 80.273 | back acc: 88.550 | loss:7.983 | cl_loss:7.983
[593-epoch] time:31.157 | knn acc: 80.273 | back acc: 88.550 | loss:7.980 | cl_loss:7.980
[594-epoch] time:30.476 | knn acc: 80.273 | back acc: 88.550 | loss:7.974 | cl_loss:7.974
[595-epoch] time:28.919 | knn acc: 80.273 | back acc: 88.550 | loss:7.980 | cl_loss:7.980
[596-epoch] time:33.075 | knn acc: 81.096 | back acc: 68.940 | loss:7.971 | cl_loss:7.971
[597-epoch] time:28.460 | knn acc: 81.096 | back acc: 68.940 | loss:7.970 | cl_loss:7.970
[598-epoch] time:28.356 | knn acc: 81.096 | back acc: 68.940 | loss:7.980 | cl_loss:7.980
[599-epoch] time:28.467 | knn acc: 81.096 | back acc: 68.940 | loss:7.976 | cl_loss:7.976
[600-epoch] time:29.778 | knn acc: 81.096 | back acc: 68.940 | loss:7.971 | cl_loss:7.971
[601-epoch] time:33.895 | knn acc: 79.256 | back acc: 80.170 | loss:7.982 | cl_loss:7.982
601-th epoch saved
[602-epoch] time:29.118 | knn acc: 79.256 | back acc: 80.170 | loss:7.983 | cl_loss:7.983
[603-epoch] time:28.892 | knn acc: 79.256 | back acc: 80.170 | loss:7.948 | cl_loss:7.948
[604-epoch] time:29.527 | knn acc: 79.256 | back acc: 80.170 | loss:7.964 | cl_loss:7.964
[605-epoch] time:30.265 | knn acc: 79.256 | back acc: 80.170 | loss:7.961 | cl_loss:7.961
[606-epoch] time:33.766 | knn acc: 79.718 | back acc: 93.290 | loss:7.969 | cl_loss:7.969
[607-epoch] time:28.864 | knn acc: 79.718 | back acc: 93.290 | loss:7.971 | cl_loss:7.971
[608-epoch] time:29.591 | knn acc: 79.718 | back acc: 93.290 | loss:7.956 | cl_loss:7.956
[609-epoch] time:29.197 | knn acc: 79.718 | back acc: 93.290 | loss:7.945 | cl_loss:7.945
[610-epoch] time:29.335 | knn acc: 79.718 | back acc: 93.290 | loss:7.943 | cl_loss:7.943
[611-epoch] time:33.273 | knn acc: 81.116 | back acc: 80.190 | loss:7.966 | cl_loss:7.966
[612-epoch] time:28.719 | knn acc: 81.116 | back acc: 80.190 | loss:7.927 | cl_loss:7.927
[613-epoch] time:28.740 | knn acc: 81.116 | back acc: 80.190 | loss:7.933 | cl_loss:7.933
[614-epoch] time:28.903 | knn acc: 81.116 | back acc: 80.190 | loss:7.946 | cl_loss:7.946
[615-epoch] time:30.310 | knn acc: 81.116 | back acc: 80.190 | loss:7.956 | cl_loss:7.956
[616-epoch] time:33.892 | knn acc: 81.065 | back acc: 95.540 | loss:7.943 | cl_loss:7.943
[617-epoch] time:29.026 | knn acc: 81.065 | back acc: 95.540 | loss:7.929 | cl_loss:7.929
[618-epoch] time:29.149 | knn acc: 81.065 | back acc: 95.540 | loss:7.934 | cl_loss:7.934
[619-epoch] time:29.474 | knn acc: 81.065 | back acc: 95.540 | loss:7.926 | cl_loss:7.926
[620-epoch] time:29.319 | knn acc: 81.065 | back acc: 95.540 | loss:7.946 | cl_loss:7.946
[621-epoch] time:33.497 | knn acc: 81.312 | back acc: 94.920 | loss:7.943 | cl_loss:7.943
[622-epoch] time:28.966 | knn acc: 81.312 | back acc: 94.920 | loss:7.950 | cl_loss:7.950
[623-epoch] time:28.462 | knn acc: 81.312 | back acc: 94.920 | loss:7.937 | cl_loss:7.937
[624-epoch] time:30.184 | knn acc: 81.312 | back acc: 94.920 | loss:7.948 | cl_loss:7.948
[625-epoch] time:28.699 | knn acc: 81.312 | back acc: 94.920 | loss:7.925 | cl_loss:7.925
[626-epoch] time:34.986 | knn acc: 79.266 | back acc: 87.860 | loss:7.920 | cl_loss:7.920
[627-epoch] time:28.857 | knn acc: 79.266 | back acc: 87.860 | loss:7.893 | cl_loss:7.893
[628-epoch] time:28.915 | knn acc: 79.266 | back acc: 87.860 | loss:7.917 | cl_loss:7.917
[629-epoch] time:28.678 | knn acc: 79.266 | back acc: 87.860 | loss:7.929 | cl_loss:7.929
[630-epoch] time:30.101 | knn acc: 79.266 | back acc: 87.860 | loss:7.899 | cl_loss:7.899
[631-epoch] time:35.711 | knn acc: 81.682 | back acc: 67.400 | loss:7.908 | cl_loss:7.908
[632-epoch] time:30.855 | knn acc: 81.682 | back acc: 67.400 | loss:7.912 | cl_loss:7.912
[633-epoch] time:31.020 | knn acc: 81.682 | back acc: 67.400 | loss:7.916 | cl_loss:7.916
[634-epoch] time:28.945 | knn acc: 81.682 | back acc: 67.400 | loss:7.896 | cl_loss:7.896
[635-epoch] time:28.122 | knn acc: 81.682 | back acc: 67.400 | loss:7.911 | cl_loss:7.911
[636-epoch] time:32.701 | knn acc: 80.787 | back acc: 87.790 | loss:7.910 | cl_loss:7.910
[637-epoch] time:28.053 | knn acc: 80.787 | back acc: 87.790 | loss:7.906 | cl_loss:7.906
[638-epoch] time:28.331 | knn acc: 80.787 | back acc: 87.790 | loss:7.912 | cl_loss:7.912
[639-epoch] time:28.227 | knn acc: 80.787 | back acc: 87.790 | loss:7.912 | cl_loss:7.912
[640-epoch] time:28.298 | knn acc: 80.787 | back acc: 87.790 | loss:7.915 | cl_loss:7.915
[641-epoch] time:32.717 | knn acc: 81.106 | back acc: 88.900 | loss:7.916 | cl_loss:7.916
[642-epoch] time:28.141 | knn acc: 81.106 | back acc: 88.900 | loss:7.902 | cl_loss:7.902
[643-epoch] time:28.371 | knn acc: 81.106 | back acc: 88.900 | loss:7.901 | cl_loss:7.901
[644-epoch] time:28.214 | knn acc: 81.106 | back acc: 88.900 | loss:7.905 | cl_loss:7.905
[645-epoch] time:28.159 | knn acc: 81.106 | back acc: 88.900 | loss:7.880 | cl_loss:7.880
[646-epoch] time:32.566 | knn acc: 80.695 | back acc: 89.900 | loss:7.888 | cl_loss:7.888
[647-epoch] time:28.182 | knn acc: 80.695 | back acc: 89.900 | loss:7.877 | cl_loss:7.877
[648-epoch] time:28.201 | knn acc: 80.695 | back acc: 89.900 | loss:7.884 | cl_loss:7.884
[649-epoch] time:28.248 | knn acc: 80.695 | back acc: 89.900 | loss:7.874 | cl_loss:7.874
[650-epoch] time:28.286 | knn acc: 80.695 | back acc: 89.900 | loss:7.896 | cl_loss:7.896
[651-epoch] time:32.610 | knn acc: 80.674 | back acc: 94.070 | loss:7.889 | cl_loss:7.889
[652-epoch] time:28.153 | knn acc: 80.674 | back acc: 94.070 | loss:7.879 | cl_loss:7.879
[653-epoch] time:28.270 | knn acc: 80.674 | back acc: 94.070 | loss:7.867 | cl_loss:7.867
[654-epoch] time:28.371 | knn acc: 80.674 | back acc: 94.070 | loss:7.890 | cl_loss:7.890
[655-epoch] time:28.143 | knn acc: 80.674 | back acc: 94.070 | loss:7.855 | cl_loss:7.855
[656-epoch] time:32.718 | knn acc: 80.315 | back acc: 65.340 | loss:7.881 | cl_loss:7.881
[657-epoch] time:28.051 | knn acc: 80.315 | back acc: 65.340 | loss:7.862 | cl_loss:7.862
[658-epoch] time:28.282 | knn acc: 80.315 | back acc: 65.340 | loss:7.848 | cl_loss:7.848
[659-epoch] time:28.140 | knn acc: 80.315 | back acc: 65.340 | loss:7.864 | cl_loss:7.864
[660-epoch] time:28.289 | knn acc: 80.315 | back acc: 65.340 | loss:7.883 | cl_loss:7.883
[661-epoch] time:32.719 | knn acc: 79.513 | back acc: 92.990 | loss:7.858 | cl_loss:7.858
[662-epoch] time:28.139 | knn acc: 79.513 | back acc: 92.990 | loss:7.843 | cl_loss:7.843
[663-epoch] time:28.344 | knn acc: 79.513 | back acc: 92.990 | loss:7.867 | cl_loss:7.867
[664-epoch] time:28.110 | knn acc: 79.513 | back acc: 92.990 | loss:7.859 | cl_loss:7.859
[665-epoch] time:28.108 | knn acc: 79.513 | back acc: 92.990 | loss:7.869 | cl_loss:7.869
[666-epoch] time:32.912 | knn acc: 80.109 | back acc: 97.850 | loss:7.853 | cl_loss:7.853
[667-epoch] time:28.230 | knn acc: 80.109 | back acc: 97.850 | loss:7.839 | cl_loss:7.839
[668-epoch] time:28.153 | knn acc: 80.109 | back acc: 97.850 | loss:7.846 | cl_loss:7.846
[669-epoch] time:28.175 | knn acc: 80.109 | back acc: 97.850 | loss:7.837 | cl_loss:7.837
[670-epoch] time:28.164 | knn acc: 80.109 | back acc: 97.850 | loss:7.838 | cl_loss:7.838
[671-epoch] time:32.682 | knn acc: 81.157 | back acc: 88.430 | loss:7.854 | cl_loss:7.854
[672-epoch] time:28.135 | knn acc: 81.157 | back acc: 88.430 | loss:7.849 | cl_loss:7.849
[673-epoch] time:28.234 | knn acc: 81.157 | back acc: 88.430 | loss:7.818 | cl_loss:7.818
[674-epoch] time:28.330 | knn acc: 81.157 | back acc: 88.430 | loss:7.846 | cl_loss:7.846
[675-epoch] time:28.219 | knn acc: 81.157 | back acc: 88.430 | loss:7.854 | cl_loss:7.854
[676-epoch] time:32.646 | knn acc: 79.986 | back acc: 87.300 | loss:7.828 | cl_loss:7.828
[677-epoch] time:28.381 | knn acc: 79.986 | back acc: 87.300 | loss:7.820 | cl_loss:7.820
[678-epoch] time:28.203 | knn acc: 79.986 | back acc: 87.300 | loss:7.819 | cl_loss:7.819
[679-epoch] time:28.356 | knn acc: 79.986 | back acc: 87.300 | loss:7.827 | cl_loss:7.827
[680-epoch] time:28.196 | knn acc: 79.986 | back acc: 87.300 | loss:7.837 | cl_loss:7.837
[681-epoch] time:32.751 | knn acc: 80.787 | back acc: 82.690 | loss:7.820 | cl_loss:7.820
[682-epoch] time:28.120 | knn acc: 80.787 | back acc: 82.690 | loss:7.809 | cl_loss:7.809
[683-epoch] time:28.257 | knn acc: 80.787 | back acc: 82.690 | loss:7.821 | cl_loss:7.821
[684-epoch] time:28.162 | knn acc: 80.787 | back acc: 82.690 | loss:7.796 | cl_loss:7.796
[685-epoch] time:28.162 | knn acc: 80.787 | back acc: 82.690 | loss:7.810 | cl_loss:7.810
[686-epoch] time:32.659 | knn acc: 81.281 | back acc: 70.110 | loss:7.811 | cl_loss:7.811
[687-epoch] time:28.258 | knn acc: 81.281 | back acc: 70.110 | loss:7.806 | cl_loss:7.806
[688-epoch] time:28.262 | knn acc: 81.281 | back acc: 70.110 | loss:7.816 | cl_loss:7.816
[689-epoch] time:28.180 | knn acc: 81.281 | back acc: 70.110 | loss:7.807 | cl_loss:7.807
[690-epoch] time:28.208 | knn acc: 81.281 | back acc: 70.110 | loss:7.801 | cl_loss:7.801
[691-epoch] time:32.735 | knn acc: 81.055 | back acc: 95.730 | loss:7.796 | cl_loss:7.796
[692-epoch] time:28.366 | knn acc: 81.055 | back acc: 95.730 | loss:7.799 | cl_loss:7.799
[693-epoch] time:28.296 | knn acc: 81.055 | back acc: 95.730 | loss:7.785 | cl_loss:7.785
[694-epoch] time:28.279 | knn acc: 81.055 | back acc: 95.730 | loss:7.781 | cl_loss:7.781
[695-epoch] time:28.255 | knn acc: 81.055 | back acc: 95.730 | loss:7.803 | cl_loss:7.803
[696-epoch] time:32.797 | knn acc: 80.633 | back acc: 92.550 | loss:7.784 | cl_loss:7.784
[697-epoch] time:28.236 | knn acc: 80.633 | back acc: 92.550 | loss:7.764 | cl_loss:7.764
[698-epoch] time:28.384 | knn acc: 80.633 | back acc: 92.550 | loss:7.791 | cl_loss:7.791
[699-epoch] time:28.233 | knn acc: 80.633 | back acc: 92.550 | loss:7.785 | cl_loss:7.785
[700-epoch] time:28.616 | knn acc: 80.633 | back acc: 92.550 | loss:7.782 | cl_loss:7.782
[701-epoch] time:32.692 | knn acc: 81.157 | back acc: 88.130 | loss:7.793 | cl_loss:7.793
701-th epoch saved
[702-epoch] time:28.032 | knn acc: 81.157 | back acc: 88.130 | loss:7.776 | cl_loss:7.776
[703-epoch] time:28.359 | knn acc: 81.157 | back acc: 88.130 | loss:7.779 | cl_loss:7.779
[704-epoch] time:28.200 | knn acc: 81.157 | back acc: 88.130 | loss:7.760 | cl_loss:7.760
[705-epoch] time:28.269 | knn acc: 81.157 | back acc: 88.130 | loss:7.782 | cl_loss:7.782
[706-epoch] time:32.680 | knn acc: 80.602 | back acc: 94.670 | loss:7.761 | cl_loss:7.761
[707-epoch] time:28.285 | knn acc: 80.602 | back acc: 94.670 | loss:7.764 | cl_loss:7.764
[708-epoch] time:28.139 | knn acc: 80.602 | back acc: 94.670 | loss:7.776 | cl_loss:7.776
[709-epoch] time:28.499 | knn acc: 80.602 | back acc: 94.670 | loss:7.772 | cl_loss:7.772
[710-epoch] time:28.471 | knn acc: 80.602 | back acc: 94.670 | loss:7.756 | cl_loss:7.756
[711-epoch] time:32.619 | knn acc: 81.271 | back acc: 82.180 | loss:7.744 | cl_loss:7.744
[712-epoch] time:28.305 | knn acc: 81.271 | back acc: 82.180 | loss:7.741 | cl_loss:7.741
[713-epoch] time:28.396 | knn acc: 81.271 | back acc: 82.180 | loss:7.765 | cl_loss:7.765
[714-epoch] time:28.530 | knn acc: 81.271 | back acc: 82.180 | loss:7.753 | cl_loss:7.753
[715-epoch] time:28.136 | knn acc: 81.271 | back acc: 82.180 | loss:7.760 | cl_loss:7.760
[716-epoch] time:32.779 | knn acc: 80.520 | back acc: 94.070 | loss:7.740 | cl_loss:7.740
[717-epoch] time:28.039 | knn acc: 80.520 | back acc: 94.070 | loss:7.730 | cl_loss:7.730
[718-epoch] time:28.297 | knn acc: 80.520 | back acc: 94.070 | loss:7.758 | cl_loss:7.758
[719-epoch] time:28.315 | knn acc: 80.520 | back acc: 94.070 | loss:7.733 | cl_loss:7.733
[720-epoch] time:28.214 | knn acc: 80.520 | back acc: 94.070 | loss:7.736 | cl_loss:7.736
[721-epoch] time:32.705 | knn acc: 80.520 | back acc: 78.880 | loss:7.748 | cl_loss:7.748
[722-epoch] time:28.209 | knn acc: 80.520 | back acc: 78.880 | loss:7.736 | cl_loss:7.736
[723-epoch] time:28.215 | knn acc: 80.520 | back acc: 78.880 | loss:7.718 | cl_loss:7.718
[724-epoch] time:28.452 | knn acc: 80.520 | back acc: 78.880 | loss:7.735 | cl_loss:7.735
[725-epoch] time:28.181 | knn acc: 80.520 | back acc: 78.880 | loss:7.733 | cl_loss:7.733
[726-epoch] time:32.668 | knn acc: 81.887 | back acc: 97.100 | loss:7.722 | cl_loss:7.722
[727-epoch] time:28.067 | knn acc: 81.887 | back acc: 97.100 | loss:7.714 | cl_loss:7.714
[728-epoch] time:28.193 | knn acc: 81.887 | back acc: 97.100 | loss:7.720 | cl_loss:7.720
[729-epoch] time:28.170 | knn acc: 81.887 | back acc: 97.100 | loss:7.716 | cl_loss:7.716
[730-epoch] time:28.215 | knn acc: 81.887 | back acc: 97.100 | loss:7.707 | cl_loss:7.707
[731-epoch] time:32.794 | knn acc: 80.489 | back acc: 95.970 | loss:7.703 | cl_loss:7.703
[732-epoch] time:28.287 | knn acc: 80.489 | back acc: 95.970 | loss:7.712 | cl_loss:7.712
[733-epoch] time:28.180 | knn acc: 80.489 | back acc: 95.970 | loss:7.706 | cl_loss:7.706
[734-epoch] time:28.235 | knn acc: 80.489 | back acc: 95.970 | loss:7.718 | cl_loss:7.718
[735-epoch] time:28.218 | knn acc: 80.489 | back acc: 95.970 | loss:7.710 | cl_loss:7.710
[736-epoch] time:32.722 | knn acc: 81.918 | back acc: 49.540 | loss:7.690 | cl_loss:7.690
[737-epoch] time:28.056 | knn acc: 81.918 | back acc: 49.540 | loss:7.694 | cl_loss:7.694
[738-epoch] time:28.204 | knn acc: 81.918 | back acc: 49.540 | loss:7.694 | cl_loss:7.694
[739-epoch] time:28.437 | knn acc: 81.918 | back acc: 49.540 | loss:7.685 | cl_loss:7.685
[740-epoch] time:28.267 | knn acc: 81.918 | back acc: 49.540 | loss:7.697 | cl_loss:7.697
[741-epoch] time:32.625 | knn acc: 81.682 | back acc: 93.310 | loss:7.680 | cl_loss:7.680
[742-epoch] time:28.056 | knn acc: 81.682 | back acc: 93.310 | loss:7.676 | cl_loss:7.676
[743-epoch] time:28.172 | knn acc: 81.682 | back acc: 93.310 | loss:7.675 | cl_loss:7.675
[744-epoch] time:28.146 | knn acc: 81.682 | back acc: 93.310 | loss:7.700 | cl_loss:7.700
[745-epoch] time:28.202 | knn acc: 81.682 | back acc: 93.310 | loss:7.682 | cl_loss:7.682
[746-epoch] time:32.742 | knn acc: 79.821 | back acc: 20.780 | loss:7.667 | cl_loss:7.667
[747-epoch] time:28.069 | knn acc: 79.821 | back acc: 20.780 | loss:7.690 | cl_loss:7.690
[748-epoch] time:28.150 | knn acc: 79.821 | back acc: 20.780 | loss:7.665 | cl_loss:7.665
[749-epoch] time:28.170 | knn acc: 79.821 | back acc: 20.780 | loss:7.659 | cl_loss:7.659
[750-epoch] time:28.369 | knn acc: 79.821 | back acc: 20.780 | loss:7.677 | cl_loss:7.677
[751-epoch] time:32.713 | knn acc: 80.952 | back acc: 93.560 | loss:7.670 | cl_loss:7.670
[752-epoch] time:28.266 | knn acc: 80.952 | back acc: 93.560 | loss:7.673 | cl_loss:7.673
[753-epoch] time:28.483 | knn acc: 80.952 | back acc: 93.560 | loss:7.651 | cl_loss:7.651
[754-epoch] time:28.617 | knn acc: 80.952 | back acc: 93.560 | loss:7.640 | cl_loss:7.640
[755-epoch] time:28.165 | knn acc: 80.952 | back acc: 93.560 | loss:7.665 | cl_loss:7.665
[756-epoch] time:32.748 | knn acc: 80.551 | back acc: 97.590 | loss:7.650 | cl_loss:7.650
[757-epoch] time:28.084 | knn acc: 80.551 | back acc: 97.590 | loss:7.632 | cl_loss:7.632
[758-epoch] time:28.119 | knn acc: 80.551 | back acc: 97.590 | loss:7.653 | cl_loss:7.653
[759-epoch] time:28.144 | knn acc: 80.551 | back acc: 97.590 | loss:7.636 | cl_loss:7.636
[760-epoch] time:28.117 | knn acc: 80.551 | back acc: 97.590 | loss:7.661 | cl_loss:7.661
[761-epoch] time:32.699 | knn acc: 81.630 | back acc: 74.770 | loss:7.655 | cl_loss:7.655
[762-epoch] time:28.080 | knn acc: 81.630 | back acc: 74.770 | loss:7.634 | cl_loss:7.634
[763-epoch] time:28.195 | knn acc: 81.630 | back acc: 74.770 | loss:7.631 | cl_loss:7.631
[764-epoch] time:28.241 | knn acc: 81.630 | back acc: 74.770 | loss:7.650 | cl_loss:7.650
[765-epoch] time:28.320 | knn acc: 81.630 | back acc: 74.770 | loss:7.633 | cl_loss:7.633
[766-epoch] time:32.724 | knn acc: 81.928 | back acc: 92.310 | loss:7.621 | cl_loss:7.621
[767-epoch] time:28.272 | knn acc: 81.928 | back acc: 92.310 | loss:7.621 | cl_loss:7.621
[768-epoch] time:28.164 | knn acc: 81.928 | back acc: 92.310 | loss:7.613 | cl_loss:7.613
[769-epoch] time:28.268 | knn acc: 81.928 | back acc: 92.310 | loss:7.618 | cl_loss:7.618
[770-epoch] time:28.191 | knn acc: 81.928 | back acc: 92.310 | loss:7.627 | cl_loss:7.627
[771-epoch] time:32.794 | knn acc: 80.376 | back acc: 92.520 | loss:7.624 | cl_loss:7.624
[772-epoch] time:28.321 | knn acc: 80.376 | back acc: 92.520 | loss:7.621 | cl_loss:7.621
[773-epoch] time:28.263 | knn acc: 80.376 | back acc: 92.520 | loss:7.619 | cl_loss:7.619
[774-epoch] time:28.300 | knn acc: 80.376 | back acc: 92.520 | loss:7.615 | cl_loss:7.615
[775-epoch] time:28.175 | knn acc: 80.376 | back acc: 92.520 | loss:7.599 | cl_loss:7.599
[776-epoch] time:32.675 | knn acc: 82.134 | back acc: 87.700 | loss:7.596 | cl_loss:7.596
[777-epoch] time:28.045 | knn acc: 82.134 | back acc: 87.700 | loss:7.601 | cl_loss:7.601
[778-epoch] time:28.172 | knn acc: 82.134 | back acc: 87.700 | loss:7.603 | cl_loss:7.603
[779-epoch] time:28.209 | knn acc: 82.134 | back acc: 87.700 | loss:7.601 | cl_loss:7.601
[780-epoch] time:28.202 | knn acc: 82.134 | back acc: 87.700 | loss:7.589 | cl_loss:7.589
[781-epoch] time:32.558 | knn acc: 82.247 | back acc: 92.950 | loss:7.576 | cl_loss:7.576
[782-epoch] time:28.090 | knn acc: 82.247 | back acc: 92.950 | loss:7.598 | cl_loss:7.598
[783-epoch] time:28.128 | knn acc: 82.247 | back acc: 92.950 | loss:7.602 | cl_loss:7.602
[784-epoch] time:28.265 | knn acc: 82.247 | back acc: 92.950 | loss:7.588 | cl_loss:7.588
[785-epoch] time:28.156 | knn acc: 82.247 | back acc: 92.950 | loss:7.584 | cl_loss:7.584
[786-epoch] time:32.692 | knn acc: 82.021 | back acc: 78.630 | loss:7.585 | cl_loss:7.585
[787-epoch] time:28.019 | knn acc: 82.021 | back acc: 78.630 | loss:7.573 | cl_loss:7.573
[788-epoch] time:28.131 | knn acc: 82.021 | back acc: 78.630 | loss:7.582 | cl_loss:7.582
[789-epoch] time:28.201 | knn acc: 82.021 | back acc: 78.630 | loss:7.565 | cl_loss:7.565
[790-epoch] time:28.379 | knn acc: 82.021 | back acc: 78.630 | loss:7.573 | cl_loss:7.573
[791-epoch] time:32.899 | knn acc: 81.229 | back acc: 86.050 | loss:7.573 | cl_loss:7.573
[792-epoch] time:28.171 | knn acc: 81.229 | back acc: 86.050 | loss:7.556 | cl_loss:7.556
[793-epoch] time:28.108 | knn acc: 81.229 | back acc: 86.050 | loss:7.577 | cl_loss:7.577
[794-epoch] time:28.347 | knn acc: 81.229 | back acc: 86.050 | loss:7.570 | cl_loss:7.570
[795-epoch] time:28.109 | knn acc: 81.229 | back acc: 86.050 | loss:7.565 | cl_loss:7.565
[796-epoch] time:32.650 | knn acc: 80.150 | back acc: 83.450 | loss:7.551 | cl_loss:7.551
[797-epoch] time:28.160 | knn acc: 80.150 | back acc: 83.450 | loss:7.569 | cl_loss:7.569
[798-epoch] time:28.495 | knn acc: 80.150 | back acc: 83.450 | loss:7.558 | cl_loss:7.558
[799-epoch] time:28.262 | knn acc: 80.150 | back acc: 83.450 | loss:7.545 | cl_loss:7.545
[800-epoch] time:28.458 | knn acc: 80.150 | back acc: 83.450 | loss:7.540 | cl_loss:7.540
[801-epoch] time:32.715 | knn acc: 81.692 | back acc: 51.870 | loss:7.540 | cl_loss:7.540
801-th epoch saved
[802-epoch] time:28.234 | knn acc: 81.692 | back acc: 51.870 | loss:7.546 | cl_loss:7.546
[803-epoch] time:28.193 | knn acc: 81.692 | back acc: 51.870 | loss:7.532 | cl_loss:7.532
[804-epoch] time:28.205 | knn acc: 81.692 | back acc: 51.870 | loss:7.552 | cl_loss:7.552
[805-epoch] time:28.240 | knn acc: 81.692 | back acc: 51.870 | loss:7.548 | cl_loss:7.548
[806-epoch] time:32.643 | knn acc: 82.576 | back acc: 88.930 | loss:7.532 | cl_loss:7.532
[807-epoch] time:28.117 | knn acc: 82.576 | back acc: 88.930 | loss:7.521 | cl_loss:7.521
[808-epoch] time:28.211 | knn acc: 82.576 | back acc: 88.930 | loss:7.532 | cl_loss:7.532
[809-epoch] time:28.202 | knn acc: 82.576 | back acc: 88.930 | loss:7.524 | cl_loss:7.524
[810-epoch] time:28.182 | knn acc: 82.576 | back acc: 88.930 | loss:7.527 | cl_loss:7.527
[811-epoch] time:32.676 | knn acc: 82.268 | back acc: 84.760 | loss:7.519 | cl_loss:7.519
[812-epoch] time:28.072 | knn acc: 82.268 | back acc: 84.760 | loss:7.519 | cl_loss:7.519
[813-epoch] time:28.290 | knn acc: 82.268 | back acc: 84.760 | loss:7.505 | cl_loss:7.505
[814-epoch] time:28.214 | knn acc: 82.268 | back acc: 84.760 | loss:7.511 | cl_loss:7.511
[815-epoch] time:28.269 | knn acc: 82.268 | back acc: 84.760 | loss:7.511 | cl_loss:7.511
[816-epoch] time:32.695 | knn acc: 81.785 | back acc: 85.000 | loss:7.493 | cl_loss:7.493
[817-epoch] time:28.152 | knn acc: 81.785 | back acc: 85.000 | loss:7.507 | cl_loss:7.507
[818-epoch] time:28.277 | knn acc: 81.785 | back acc: 85.000 | loss:7.511 | cl_loss:7.511
[819-epoch] time:28.378 | knn acc: 81.785 | back acc: 85.000 | loss:7.499 | cl_loss:7.499
[820-epoch] time:28.447 | knn acc: 81.785 | back acc: 85.000 | loss:7.495 | cl_loss:7.495
[821-epoch] time:32.722 | knn acc: 81.661 | back acc: 83.890 | loss:7.498 | cl_loss:7.498
[822-epoch] time:28.084 | knn acc: 81.661 | back acc: 83.890 | loss:7.485 | cl_loss:7.485
[823-epoch] time:28.146 | knn acc: 81.661 | back acc: 83.890 | loss:7.474 | cl_loss:7.474
[824-epoch] time:28.232 | knn acc: 81.661 | back acc: 83.890 | loss:7.481 | cl_loss:7.481
[825-epoch] time:28.154 | knn acc: 81.661 | back acc: 83.890 | loss:7.484 | cl_loss:7.484
[826-epoch] time:32.638 | knn acc: 81.466 | back acc: 88.740 | loss:7.482 | cl_loss:7.482
[827-epoch] time:28.089 | knn acc: 81.466 | back acc: 88.740 | loss:7.486 | cl_loss:7.486
[828-epoch] time:28.267 | knn acc: 81.466 | back acc: 88.740 | loss:7.482 | cl_loss:7.482
[829-epoch] time:28.388 | knn acc: 81.466 | back acc: 88.740 | loss:7.464 | cl_loss:7.464
[830-epoch] time:28.227 | knn acc: 81.466 | back acc: 88.740 | loss:7.484 | cl_loss:7.484
[831-epoch] time:32.649 | knn acc: 80.520 | back acc: 92.250 | loss:7.476 | cl_loss:7.476
[832-epoch] time:28.073 | knn acc: 80.520 | back acc: 92.250 | loss:7.463 | cl_loss:7.463
[833-epoch] time:28.128 | knn acc: 80.520 | back acc: 92.250 | loss:7.466 | cl_loss:7.466
[834-epoch] time:28.104 | knn acc: 80.520 | back acc: 92.250 | loss:7.471 | cl_loss:7.471
[835-epoch] time:28.106 | knn acc: 80.520 | back acc: 92.250 | loss:7.459 | cl_loss:7.459
[836-epoch] time:32.588 | knn acc: 81.137 | back acc: 81.520 | loss:7.468 | cl_loss:7.468
[837-epoch] time:28.049 | knn acc: 81.137 | back acc: 81.520 | loss:7.463 | cl_loss:7.463
[838-epoch] time:28.122 | knn acc: 81.137 | back acc: 81.520 | loss:7.448 | cl_loss:7.448
[839-epoch] time:28.023 | knn acc: 81.137 | back acc: 81.520 | loss:7.444 | cl_loss:7.444
[840-epoch] time:28.183 | knn acc: 81.137 | back acc: 81.520 | loss:7.441 | cl_loss:7.441
[841-epoch] time:32.513 | knn acc: 80.942 | back acc: 83.970 | loss:7.464 | cl_loss:7.464
[842-epoch] time:28.339 | knn acc: 80.942 | back acc: 83.970 | loss:7.435 | cl_loss:7.435
[843-epoch] time:28.257 | knn acc: 80.942 | back acc: 83.970 | loss:7.444 | cl_loss:7.444
[844-epoch] time:28.240 | knn acc: 80.942 | back acc: 83.970 | loss:7.449 | cl_loss:7.449
[845-epoch] time:28.130 | knn acc: 80.942 | back acc: 83.970 | loss:7.439 | cl_loss:7.439
[846-epoch] time:32.660 | knn acc: 82.494 | back acc: 84.170 | loss:7.423 | cl_loss:7.423
[847-epoch] time:28.051 | knn acc: 82.494 | back acc: 84.170 | loss:7.420 | cl_loss:7.420
[848-epoch] time:28.261 | knn acc: 82.494 | back acc: 84.170 | loss:7.419 | cl_loss:7.419
[849-epoch] time:28.159 | knn acc: 82.494 | back acc: 84.170 | loss:7.418 | cl_loss:7.418
[850-epoch] time:28.199 | knn acc: 82.494 | back acc: 84.170 | loss:7.419 | cl_loss:7.419
[851-epoch] time:32.830 | knn acc: 82.247 | back acc: 86.870 | loss:7.405 | cl_loss:7.405
[852-epoch] time:28.130 | knn acc: 82.247 | back acc: 86.870 | loss:7.415 | cl_loss:7.415
[853-epoch] time:28.099 | knn acc: 82.247 | back acc: 86.870 | loss:7.412 | cl_loss:7.412
[854-epoch] time:28.135 | knn acc: 82.247 | back acc: 86.870 | loss:7.404 | cl_loss:7.404
[855-epoch] time:28.350 | knn acc: 82.247 | back acc: 86.870 | loss:7.406 | cl_loss:7.406
[856-epoch] time:32.975 | knn acc: 81.764 | back acc: 94.230 | loss:7.411 | cl_loss:7.411
[857-epoch] time:28.156 | knn acc: 81.764 | back acc: 94.230 | loss:7.411 | cl_loss:7.411
[858-epoch] time:28.111 | knn acc: 81.764 | back acc: 94.230 | loss:7.410 | cl_loss:7.410
[859-epoch] time:28.372 | knn acc: 81.764 | back acc: 94.230 | loss:7.403 | cl_loss:7.403
[860-epoch] time:28.257 | knn acc: 81.764 | back acc: 94.230 | loss:7.397 | cl_loss:7.397
[861-epoch] time:32.774 | knn acc: 82.113 | back acc: 84.190 | loss:7.396 | cl_loss:7.396
[862-epoch] time:28.180 | knn acc: 82.113 | back acc: 84.190 | loss:7.386 | cl_loss:7.386
[863-epoch] time:28.167 | knn acc: 82.113 | back acc: 84.190 | loss:7.384 | cl_loss:7.384
[864-epoch] time:28.235 | knn acc: 82.113 | back acc: 84.190 | loss:7.400 | cl_loss:7.400
[865-epoch] time:28.139 | knn acc: 82.113 | back acc: 84.190 | loss:7.387 | cl_loss:7.387
[866-epoch] time:32.754 | knn acc: 81.353 | back acc: 74.840 | loss:7.373 | cl_loss:7.373
[867-epoch] time:28.163 | knn acc: 81.353 | back acc: 74.840 | loss:7.388 | cl_loss:7.388
[868-epoch] time:28.188 | knn acc: 81.353 | back acc: 74.840 | loss:7.376 | cl_loss:7.376
[869-epoch] time:28.210 | knn acc: 81.353 | back acc: 74.840 | loss:7.371 | cl_loss:7.371
[870-epoch] time:28.284 | knn acc: 81.353 | back acc: 74.840 | loss:7.380 | cl_loss:7.380
[871-epoch] time:32.839 | knn acc: 82.884 | back acc: 80.980 | loss:7.373 | cl_loss:7.373
[872-epoch] time:28.075 | knn acc: 82.884 | back acc: 80.980 | loss:7.388 | cl_loss:7.388
[873-epoch] time:28.184 | knn acc: 82.884 | back acc: 80.980 | loss:7.370 | cl_loss:7.370
[874-epoch] time:28.180 | knn acc: 82.884 | back acc: 80.980 | loss:7.367 | cl_loss:7.367
[875-epoch] time:28.228 | knn acc: 82.884 | back acc: 80.980 | loss:7.369 | cl_loss:7.369
[876-epoch] time:32.628 | knn acc: 81.805 | back acc: 82.510 | loss:7.354 | cl_loss:7.354
[877-epoch] time:28.090 | knn acc: 81.805 | back acc: 82.510 | loss:7.354 | cl_loss:7.354
[878-epoch] time:28.202 | knn acc: 81.805 | back acc: 82.510 | loss:7.347 | cl_loss:7.347
[879-epoch] time:28.240 | knn acc: 81.805 | back acc: 82.510 | loss:7.351 | cl_loss:7.351
[880-epoch] time:28.475 | knn acc: 81.805 | back acc: 82.510 | loss:7.341 | cl_loss:7.341
[881-epoch] time:32.637 | knn acc: 82.124 | back acc: 87.600 | loss:7.350 | cl_loss:7.350
[882-epoch] time:28.132 | knn acc: 82.124 | back acc: 87.600 | loss:7.348 | cl_loss:7.348
[883-epoch] time:28.140 | knn acc: 82.124 | back acc: 87.600 | loss:7.338 | cl_loss:7.338
[884-epoch] time:28.119 | knn acc: 82.124 | back acc: 87.600 | loss:7.335 | cl_loss:7.335
[885-epoch] time:28.161 | knn acc: 82.124 | back acc: 87.600 | loss:7.331 | cl_loss:7.331
[886-epoch] time:32.733 | knn acc: 82.751 | back acc: 88.880 | loss:7.331 | cl_loss:7.331
[887-epoch] time:28.101 | knn acc: 82.751 | back acc: 88.880 | loss:7.325 | cl_loss:7.325
[888-epoch] time:28.179 | knn acc: 82.751 | back acc: 88.880 | loss:7.322 | cl_loss:7.322
[889-epoch] time:28.204 | knn acc: 82.751 | back acc: 88.880 | loss:7.336 | cl_loss:7.336
[890-epoch] time:28.243 | knn acc: 82.751 | back acc: 88.880 | loss:7.316 | cl_loss:7.316
[891-epoch] time:32.675 | knn acc: 82.843 | back acc: 81.400 | loss:7.313 | cl_loss:7.313
[892-epoch] time:28.202 | knn acc: 82.843 | back acc: 81.400 | loss:7.315 | cl_loss:7.315
[893-epoch] time:28.170 | knn acc: 82.843 | back acc: 81.400 | loss:7.312 | cl_loss:7.312
[894-epoch] time:28.294 | knn acc: 82.843 | back acc: 81.400 | loss:7.317 | cl_loss:7.317
[895-epoch] time:28.113 | knn acc: 82.843 | back acc: 81.400 | loss:7.316 | cl_loss:7.316
[896-epoch] time:32.742 | knn acc: 82.185 | back acc: 78.940 | loss:7.310 | cl_loss:7.310
[897-epoch] time:28.173 | knn acc: 82.185 | back acc: 78.940 | loss:7.307 | cl_loss:7.307
[898-epoch] time:28.217 | knn acc: 82.185 | back acc: 78.940 | loss:7.310 | cl_loss:7.310
[899-epoch] time:28.174 | knn acc: 82.185 | back acc: 78.940 | loss:7.300 | cl_loss:7.300
[900-epoch] time:28.120 | knn acc: 82.185 | back acc: 78.940 | loss:7.309 | cl_loss:7.309
[901-epoch] time:32.778 | knn acc: 82.473 | back acc: 88.890 | loss:7.302 | cl_loss:7.302
901-th epoch saved
[902-epoch] time:28.042 | knn acc: 82.473 | back acc: 88.890 | loss:7.308 | cl_loss:7.308
[903-epoch] time:28.408 | knn acc: 82.473 | back acc: 88.890 | loss:7.285 | cl_loss:7.285
[904-epoch] time:28.163 | knn acc: 82.473 | back acc: 88.890 | loss:7.306 | cl_loss:7.306
[905-epoch] time:28.307 | knn acc: 82.473 | back acc: 88.890 | loss:7.287 | cl_loss:7.287
[906-epoch] time:32.693 | knn acc: 82.504 | back acc: 80.100 | loss:7.291 | cl_loss:7.291
[907-epoch] time:28.123 | knn acc: 82.504 | back acc: 80.100 | loss:7.291 | cl_loss:7.291
[908-epoch] time:28.165 | knn acc: 82.504 | back acc: 80.100 | loss:7.286 | cl_loss:7.286
[909-epoch] time:28.100 | knn acc: 82.504 | back acc: 80.100 | loss:7.298 | cl_loss:7.298
[910-epoch] time:28.137 | knn acc: 82.504 | back acc: 80.100 | loss:7.291 | cl_loss:7.291
[911-epoch] time:32.601 | knn acc: 82.658 | back acc: 74.180 | loss:7.288 | cl_loss:7.288
[912-epoch] time:28.030 | knn acc: 82.658 | back acc: 74.180 | loss:7.276 | cl_loss:7.276
[913-epoch] time:28.257 | knn acc: 82.658 | back acc: 74.180 | loss:7.270 | cl_loss:7.270
[914-epoch] time:28.222 | knn acc: 82.658 | back acc: 74.180 | loss:7.278 | cl_loss:7.278
[915-epoch] time:28.181 | knn acc: 82.658 | back acc: 74.180 | loss:7.282 | cl_loss:7.282
[916-epoch] time:32.700 | knn acc: 82.823 | back acc: 83.670 | loss:7.271 | cl_loss:7.271
[917-epoch] time:28.248 | knn acc: 82.823 | back acc: 83.670 | loss:7.275 | cl_loss:7.275
[918-epoch] time:28.205 | knn acc: 82.823 | back acc: 83.670 | loss:7.261 | cl_loss:7.261
[919-epoch] time:28.136 | knn acc: 82.823 | back acc: 83.670 | loss:7.267 | cl_loss:7.267
[920-epoch] time:28.253 | knn acc: 82.823 | back acc: 83.670 | loss:7.245 | cl_loss:7.245
[921-epoch] time:32.766 | knn acc: 82.699 | back acc: 84.230 | loss:7.257 | cl_loss:7.257
[922-epoch] time:28.141 | knn acc: 82.699 | back acc: 84.230 | loss:7.256 | cl_loss:7.256
[923-epoch] time:28.325 | knn acc: 82.699 | back acc: 84.230 | loss:7.243 | cl_loss:7.243
[924-epoch] time:28.342 | knn acc: 82.699 | back acc: 84.230 | loss:7.262 | cl_loss:7.262
[925-epoch] time:28.148 | knn acc: 82.699 | back acc: 84.230 | loss:7.256 | cl_loss:7.256
[926-epoch] time:32.661 | knn acc: 83.069 | back acc: 82.440 | loss:7.252 | cl_loss:7.252
[927-epoch] time:28.077 | knn acc: 83.069 | back acc: 82.440 | loss:7.251 | cl_loss:7.251
[928-epoch] time:28.265 | knn acc: 83.069 | back acc: 82.440 | loss:7.250 | cl_loss:7.250
[929-epoch] time:28.144 | knn acc: 83.069 | back acc: 82.440 | loss:7.246 | cl_loss:7.246
[930-epoch] time:28.108 | knn acc: 83.069 | back acc: 82.440 | loss:7.241 | cl_loss:7.241
[931-epoch] time:32.588 | knn acc: 82.288 | back acc: 81.350 | loss:7.256 | cl_loss:7.256
[932-epoch] time:28.063 | knn acc: 82.288 | back acc: 81.350 | loss:7.247 | cl_loss:7.247
[933-epoch] time:28.135 | knn acc: 82.288 | back acc: 81.350 | loss:7.237 | cl_loss:7.237
[934-epoch] time:28.161 | knn acc: 82.288 | back acc: 81.350 | loss:7.244 | cl_loss:7.244
[935-epoch] time:28.126 | knn acc: 82.288 | back acc: 81.350 | loss:7.229 | cl_loss:7.229
[936-epoch] time:32.729 | knn acc: 82.689 | back acc: 84.290 | loss:7.230 | cl_loss:7.230
[937-epoch] time:28.148 | knn acc: 82.689 | back acc: 84.290 | loss:7.235 | cl_loss:7.235
[938-epoch] time:28.316 | knn acc: 82.689 | back acc: 84.290 | loss:7.245 | cl_loss:7.245
[939-epoch] time:28.249 | knn acc: 82.689 | back acc: 84.290 | loss:7.229 | cl_loss:7.229
[940-epoch] time:28.170 | knn acc: 82.689 | back acc: 84.290 | loss:7.233 | cl_loss:7.233
[941-epoch] time:32.654 | knn acc: 82.484 | back acc: 85.210 | loss:7.238 | cl_loss:7.238
[942-epoch] time:28.009 | knn acc: 82.484 | back acc: 85.210 | loss:7.225 | cl_loss:7.225
[943-epoch] time:28.214 | knn acc: 82.484 | back acc: 85.210 | loss:7.210 | cl_loss:7.210
[944-epoch] time:28.117 | knn acc: 82.484 | back acc: 85.210 | loss:7.218 | cl_loss:7.218
[945-epoch] time:28.418 | knn acc: 82.484 | back acc: 85.210 | loss:7.209 | cl_loss:7.209
[946-epoch] time:32.639 | knn acc: 83.018 | back acc: 81.500 | loss:7.220 | cl_loss:7.220
[947-epoch] time:28.050 | knn acc: 83.018 | back acc: 81.500 | loss:7.213 | cl_loss:7.213
[948-epoch] time:28.181 | knn acc: 83.018 | back acc: 81.500 | loss:7.225 | cl_loss:7.225
[949-epoch] time:28.256 | knn acc: 83.018 | back acc: 81.500 | loss:7.217 | cl_loss:7.217
[950-epoch] time:28.131 | knn acc: 83.018 | back acc: 81.500 | loss:7.222 | cl_loss:7.222
[951-epoch] time:32.783 | knn acc: 82.895 | back acc: 84.920 | loss:7.213 | cl_loss:7.213
[952-epoch] time:28.145 | knn acc: 82.895 | back acc: 84.920 | loss:7.204 | cl_loss:7.204
[953-epoch] time:28.219 | knn acc: 82.895 | back acc: 84.920 | loss:7.204 | cl_loss:7.204
[954-epoch] time:28.162 | knn acc: 82.895 | back acc: 84.920 | loss:7.217 | cl_loss:7.217
[955-epoch] time:28.266 | knn acc: 82.895 | back acc: 84.920 | loss:7.201 | cl_loss:7.201
[956-epoch] time:32.903 | knn acc: 82.710 | back acc: 87.190 | loss:7.216 | cl_loss:7.216
[957-epoch] time:28.049 | knn acc: 82.710 | back acc: 87.190 | loss:7.205 | cl_loss:7.205
[958-epoch] time:28.147 | knn acc: 82.710 | back acc: 87.190 | loss:7.203 | cl_loss:7.203
[959-epoch] time:28.351 | knn acc: 82.710 | back acc: 87.190 | loss:7.211 | cl_loss:7.211
[960-epoch] time:28.195 | knn acc: 82.710 | back acc: 87.190 | loss:7.197 | cl_loss:7.197
[961-epoch] time:32.661 | knn acc: 82.648 | back acc: 79.150 | loss:7.208 | cl_loss:7.208
[962-epoch] time:28.153 | knn acc: 82.648 | back acc: 79.150 | loss:7.203 | cl_loss:7.203
[963-epoch] time:28.368 | knn acc: 82.648 | back acc: 79.150 | loss:7.198 | cl_loss:7.198
[964-epoch] time:28.338 | knn acc: 82.648 | back acc: 79.150 | loss:7.207 | cl_loss:7.207
[965-epoch] time:28.287 | knn acc: 82.648 | back acc: 79.150 | loss:7.194 | cl_loss:7.194
[966-epoch] time:32.644 | knn acc: 82.699 | back acc: 80.970 | loss:7.198 | cl_loss:7.198
[967-epoch] time:28.151 | knn acc: 82.699 | back acc: 80.970 | loss:7.186 | cl_loss:7.186
[968-epoch] time:28.393 | knn acc: 82.699 | back acc: 80.970 | loss:7.194 | cl_loss:7.194
[969-epoch] time:28.132 | knn acc: 82.699 | back acc: 80.970 | loss:7.179 | cl_loss:7.179
[970-epoch] time:28.095 | knn acc: 82.699 | back acc: 80.970 | loss:7.189 | cl_loss:7.189
[971-epoch] time:32.601 | knn acc: 82.998 | back acc: 81.950 | loss:7.197 | cl_loss:7.197
[972-epoch] time:28.005 | knn acc: 82.998 | back acc: 81.950 | loss:7.198 | cl_loss:7.198
[973-epoch] time:28.117 | knn acc: 82.998 | back acc: 81.950 | loss:7.191 | cl_loss:7.191
[974-epoch] time:28.301 | knn acc: 82.998 | back acc: 81.950 | loss:7.193 | cl_loss:7.193
[975-epoch] time:28.163 | knn acc: 82.998 | back acc: 81.950 | loss:7.187 | cl_loss:7.187
[976-epoch] time:32.689 | knn acc: 83.131 | back acc: 80.350 | loss:7.193 | cl_loss:7.193
[977-epoch] time:28.043 | knn acc: 83.131 | back acc: 80.350 | loss:7.197 | cl_loss:7.197
[978-epoch] time:28.194 | knn acc: 83.131 | back acc: 80.350 | loss:7.192 | cl_loss:7.192
[979-epoch] time:28.137 | knn acc: 83.131 | back acc: 80.350 | loss:7.184 | cl_loss:7.184
[980-epoch] time:28.396 | knn acc: 83.131 | back acc: 80.350 | loss:7.181 | cl_loss:7.181
[981-epoch] time:32.740 | knn acc: 82.936 | back acc: 82.080 | loss:7.194 | cl_loss:7.194
[982-epoch] time:28.050 | knn acc: 82.936 | back acc: 82.080 | loss:7.187 | cl_loss:7.187
[983-epoch] time:28.128 | knn acc: 82.936 | back acc: 82.080 | loss:7.189 | cl_loss:7.189
[984-epoch] time:28.318 | knn acc: 82.936 | back acc: 82.080 | loss:7.192 | cl_loss:7.192
[985-epoch] time:28.156 | knn acc: 82.936 | back acc: 82.080 | loss:7.191 | cl_loss:7.191
[986-epoch] time:32.721 | knn acc: 83.059 | back acc: 82.210 | loss:7.176 | cl_loss:7.176
[987-epoch] time:28.079 | knn acc: 83.059 | back acc: 82.210 | loss:7.190 | cl_loss:7.190
[988-epoch] time:28.180 | knn acc: 83.059 | back acc: 82.210 | loss:7.180 | cl_loss:7.180
[989-epoch] time:28.164 | knn acc: 83.059 | back acc: 82.210 | loss:7.190 | cl_loss:7.190
[990-epoch] time:28.270 | knn acc: 83.059 | back acc: 82.210 | loss:7.193 | cl_loss:7.193
[991-epoch] time:32.617 | knn acc: 83.121 | back acc: 82.370 | loss:7.190 | cl_loss:7.190
[992-epoch] time:28.281 | knn acc: 83.121 | back acc: 82.370 | loss:7.187 | cl_loss:7.187
[993-epoch] time:28.228 | knn acc: 83.121 | back acc: 82.370 | loss:7.183 | cl_loss:7.183
[994-epoch] time:28.181 | knn acc: 83.121 | back acc: 82.370 | loss:7.177 | cl_loss:7.177
[995-epoch] time:28.178 | knn acc: 83.121 | back acc: 82.370 | loss:7.189 | cl_loss:7.189
[996-epoch] time:32.739 | knn acc: 83.069 | back acc: 81.950 | loss:7.177 | cl_loss:7.177
[997-epoch] time:28.097 | knn acc: 83.069 | back acc: 81.950 | loss:7.183 | cl_loss:7.183
[998-epoch] time:28.180 | knn acc: 83.069 | back acc: 81.950 | loss:7.183 | cl_loss:7.183
[999-epoch] time:28.184 | knn acc: 83.069 | back acc: 81.950 | loss:7.171 | cl_loss:7.171
[1000-epoch] time:28.330 | knn acc: 83.069 | back acc: 81.950 | loss:7.178 | cl_loss:7.178
last epoch saved
